#
# There is insufficient memory for the Java Runtime Environment to continue.
# Native memory allocation (mmap) failed to map 110100480 bytes for committing reserved memory.
# Possible reasons:
#   The system is out of physical RAM or swap space
#   The process is running with CompressedOops enabled, and the Java Heap may be blocking the growth of the native heap
# Possible solutions:
#   Reduce memory load on the system
#   Increase physical memory or swap space
#   Check if swap backing store is full
#   Decrease Java heap size (-Xmx/-Xms)
#   Decrease number of Java threads
#   Decrease Java thread stack sizes (-Xss)
#   Set larger code cache with -XX:ReservedCodeCacheSize=
#   JVM is running with Unscaled Compressed Oops mode in which the Java heap is
#     placed in the first 4GB address space. The Java Heap base address is the
#     maximum limit for the native heap growth. Please use -XX:HeapBaseMinAddress
#     to set the Java Heap base and to place the Java Heap above 4GB virtual address.
# This output file may be truncated or incomplete.
#
#  Out of Memory Error (os_linux.cpp:2749), pid=5846, tid=0x00007f5e54bfb700
#
# JRE version: Java(TM) SE Runtime Environment (8.0_201-b09) (build 1.8.0_201-b09)
# Java VM: Java HotSpot(TM) 64-Bit Server VM (25.201-b09 mixed mode linux-amd64 compressed oops)
# Failed to write core dump. Core dumps have been disabled. To enable core dumping, try "ulimit -c unlimited" before starting Java again
#

---------------  T H R E A D  ---------------

Current thread (0x00007f5e64078000):  VMThread [stack: 0x00007f5e54afc000,0x00007f5e54bfc000] [id=5856]

Stack: [0x00007f5e54afc000,0x00007f5e54bfc000],  sp=0x00007f5e54bfa3f0,  free space=1016k
Native frames: (J=compiled Java code, j=interpreted, Vv=VM code, C=native code)
V  [libjvm.so+0xad3525]  VMError::report_and_die()+0x2e5
V  [libjvm.so+0x4e0457]  report_vm_out_of_memory(char const*, int, unsigned long, VMErrorType, char const*)+0x67
V  [libjvm.so+0x9102f0]  os::pd_commit_memory(char*, unsigned long, unsigned long, bool)+0x100
V  [libjvm.so+0x90791f]  os::commit_memory(char*, unsigned long, unsigned long, bool)+0x1f
V  [libjvm.so+0x98c806]  PSVirtualSpace::expand_by(unsigned long)+0x56
V  [libjvm.so+0x98da98]  PSYoungGen::resize(unsigned long, unsigned long)+0xd8
V  [libjvm.so+0x98a236]  PSScavenge::invoke_no_policy()+0x1376
V  [libjvm.so+0x98a5cc]  PSScavenge::invoke()+0x4c
V  [libjvm.so+0x93a318]  ParallelScavengeHeap::failed_mem_allocate(unsigned long)+0x68
V  [libjvm.so+0xad5073]  VM_ParallelGCFailedAllocation::doit()+0x93
V  [libjvm.so+0xada296]  VM_Operation::evaluate()+0x46
V  [libjvm.so+0xad85cd]  VMThread::evaluate_operation(VM_Operation*) [clone .constprop.44]+0xcd
V  [libjvm.so+0xad8bb3]  VMThread::loop()+0x3a3
V  [libjvm.so+0xad8f88]  VMThread::run()+0x78
V  [libjvm.so+0x90d922]  java_start(Thread*)+0x102

VM_Operation (0x00007f5e6afa1730): ParallelGCFailedAllocation, mode: safepoint, requested by thread 0x00007f5e6400a800


---------------  P R O C E S S  ---------------

Java Threads: ( => current thread )
  0x00007f5e08003800 JavaThread "AWT-EventQueue-0" [_thread_blocked, id=5870, stack(0x00007f5e4618f000,0x00007f5e46290000)]
  0x00007f5e08001800 JavaThread "AWT-Shutdown" [_thread_blocked, id=5869, stack(0x00007f5e46290000,0x00007f5e46391000)]
  0x00007f5e6423d800 JavaThread "TimerQueue" daemon [_thread_blocked, id=5868, stack(0x00007f5e46391000,0x00007f5e46492000)]
  0x00007f5e641e8800 JavaThread "AWT-XAWT" daemon [_thread_in_native, id=5867, stack(0x00007f5e46492000,0x00007f5e46593000)]
  0x00007f5e641c1800 JavaThread "Java2D Disposer" daemon [_thread_blocked, id=5866, stack(0x00007f5e4c0dc000,0x00007f5e4c1dd000)]
  0x00007f5e640c0800 JavaThread "Service Thread" daemon [_thread_blocked, id=5864, stack(0x00007f5e543f4000,0x00007f5e544f5000)]
  0x00007f5e640bd800 JavaThread "C1 CompilerThread2" daemon [_thread_blocked, id=5863, stack(0x00007f5e544f6000,0x00007f5e545f6000)]
  0x00007f5e640bb800 JavaThread "C2 CompilerThread1" daemon [_thread_blocked, id=5862, stack(0x00007f5e545f7000,0x00007f5e546f7000)]
  0x00007f5e640b9000 JavaThread "C2 CompilerThread0" daemon [_thread_blocked, id=5861, stack(0x00007f5e546f8000,0x00007f5e547f8000)]
  0x00007f5e640b7800 JavaThread "Signal Dispatcher" daemon [_thread_blocked, id=5860, stack(0x00007f5e547f8000,0x00007f5e548f9000)]
  0x00007f5e64084000 JavaThread "Finalizer" daemon [_thread_blocked, id=5859, stack(0x00007f5e548f9000,0x00007f5e549fa000)]
  0x00007f5e64081800 JavaThread "Reference Handler" daemon [_thread_blocked, id=5858, stack(0x00007f5e549fa000,0x00007f5e54afb000)]
  0x00007f5e6400a800 JavaThread "main" [_thread_blocked, id=5851, stack(0x00007f5e6aea3000,0x00007f5e6afa3000)]

Other Threads:
=>0x00007f5e64078000 VMThread [stack: 0x00007f5e54afc000,0x00007f5e54bfc000] [id=5856]
  0x00007f5e640c3000 WatcherThread [stack: 0x00007f5e542f4000,0x00007f5e543f4000] [id=5865]

VM state:at safepoint (normal execution)

VM Mutex/Monitor currently owned by a thread:  ([mutex/lock_event])
[0x00007f5e64007a60] Threads_lock - owner thread: 0x00007f5e64078000
[0x00007f5e64007f60] Heap_lock - owner thread: 0x00007f5e6400a800

heap address: 0x000000009b400000, size: 1612 MB, Compressed Oops mode: 32-bit
Narrow klass base: 0x0000000000000000, Narrow klass shift: 3
Compressed class space size: 1073741824 Address: 0x0000000100000000

Heap:
 PSYoungGen      total 108544K, used 192K [0x00000000de700000, 0x00000000e5300000, 0x0000000100000000)
  eden space 106496K, 0% used [0x00000000de700000,0x00000000de700000,0x00000000e4f00000)
  from space 2048K, 9% used [0x00000000e4f00000,0x00000000e4f30000,0x00000000e5100000)
  to   space 2048K, 0% used [0x00000000e5100000,0x00000000e5100000,0x00000000e5300000)
 ParOldGen       total 95744K, used 78405K [0x000000009b400000, 0x00000000a1180000, 0x00000000de700000)
  object space 95744K, 81% used [0x000000009b400000,0x00000000a00916f0,0x00000000a1180000)
 Metaspace       used 10755K, capacity 10950K, committed 11136K, reserved 1058816K
  class space    used 1200K, capacity 1283K, committed 1408K, reserved 1048576K

Card table byte_map: [0x00007f5e6a12f000,0x00007f5e6a456000] byte_map_base: 0x00007f5e69c55000

Marking Bits: (ParMarkBitMap*) 0x00007f5e6c0fbd80
 Begin Bits: [0x00007f5e4cda0000, 0x00007f5e4e6d0000)
 End Bits:   [0x00007f5e4e6d0000, 0x00007f5e50000000)

Polling page: 0x00007f5e6c558000

CodeCache: size=245760Kb used=3662Kb max_used=3662Kb free=242097Kb
 bounds [0x00007f5e55000000, 0x00007f5e553a0000, 0x00007f5e64000000]
 total_blobs=1559 nmethods=1044 adapters=429
 compilation: enabled

Compilation events (10 events):
Event: 3.704 Thread 0x00007f5e640bd800 nmethod 1040 0x00007f5e55393d10 code [0x00007f5e55393e60, 0x00007f5e55393f70]
Event: 3.711 Thread 0x00007f5e640bd800 1041       1       javax.swing.JComponent::alwaysOnTop (2 bytes)
Event: 3.712 Thread 0x00007f5e640bd800 nmethod 1041 0x00007f5e55393fd0 code [0x00007f5e55394120, 0x00007f5e55394230]
Event: 3.722 Thread 0x00007f5e640b9000 1042 %     4       GameScreen::main @ 80 (180 bytes)
Event: 3.729 Thread 0x00007f5e640b9000 nmethod 1042% 0x00007f5e55395410 code [0x00007f5e55395600, 0x00007f5e55395b20]
Event: 3.811 Thread 0x00007f5e640bd800 1043       3       java.util.IdentityHashMap$IdentityHashMapIterator::nextIndex (72 bytes)
Event: 3.811 Thread 0x00007f5e640bd800 nmethod 1043 0x00007f5e55394d50 code [0x00007f5e55394f00, 0x00007f5e553952c8]
Event: 3.827 Thread 0x00007f5e640bd800 1044       3       java.awt.EventQueue::uncacheEQItem (53 bytes)
Event: 3.827 Thread 0x00007f5e640bd800 nmethod 1044 0x00007f5e55394290 code [0x00007f5e55394440, 0x00007f5e55394b08]
Event: 3.951 Thread 0x00007f5e640bd800 1045       3       sun.java2d.xr.XRBackendNative::XRenderCompositeText (39 bytes)

GC Heap History (10 events):
Event: 2.487 GC heap after
Heap after GC invocations=2 (full 0):
 PSYoungGen      total 30720K, used 1668K [0x00000000de700000, 0x00000000e2300000, 0x0000000100000000)
  eden space 26624K, 0% used [0x00000000de700000,0x00000000de700000,0x00000000e0100000)
  from space 4096K, 40% used [0x00000000e0500000,0x00000000e06a1040,0x00000000e0900000)
  to   space 4096K, 0% used [0x00000000e0100000,0x00000000e0100000,0x00000000e0500000)
 ParOldGen       total 95744K, used 76824K [0x000000009b400000, 0x00000000a1180000, 0x00000000de700000)
  object space 95744K, 80% used [0x000000009b400000,0x000000009ff06030,0x00000000a1180000)
 Metaspace       used 10379K, capacity 10534K, committed 10752K, reserved 1058816K
  class space    used 1175K, capacity 1251K, committed 1280K, reserved 1048576K
}
Event: 2.732 GC heap before
{Heap before GC invocations=3 (full 0):
 PSYoungGen      total 30720K, used 28292K [0x00000000de700000, 0x00000000e2300000, 0x0000000100000000)
  eden space 26624K, 100% used [0x00000000de700000,0x00000000e0100000,0x00000000e0100000)
  from space 4096K, 40% used [0x00000000e0500000,0x00000000e06a1040,0x00000000e0900000)
  to   space 4096K, 0% used [0x00000000e0100000,0x00000000e0100000,0x00000000e0500000)
 ParOldGen       total 95744K, used 76824K [0x000000009b400000, 0x00000000a1180000, 0x00000000de700000)
  object space 95744K, 80% used [0x000000009b400000,0x000000009ff06030,0x00000000a1180000)
 Metaspace       used 10447K, capacity 10598K, committed 10752K, reserved 1058816K
  class space    used 1178K, capacity 1251K, committed 1280K, reserved 1048576K
Event: 2.738 GC heap after
Heap after GC invocations=3 (full 0):
 PSYoungGen      total 30720K, used 1586K [0x00000000de700000, 0x00000000e2300000, 0x0000000100000000)
  eden space 26624K, 0% used [0x00000000de700000,0x00000000de700000,0x00000000e0100000)
  from space 4096K, 38% used [0x00000000e0100000,0x00000000e028c820,0x00000000e0500000)
  to   space 4096K, 0% used [0x00000000e1f00000,0x00000000e1f00000,0x00000000e2300000)
 ParOldGen       total 95744K, used 76832K [0x000000009b400000, 0x00000000a1180000, 0x00000000de700000)
  object space 95744K, 80% used [0x000000009b400000,0x000000009ff08030,0x00000000a1180000)
 Metaspace       used 10447K, capacity 10598K, committed 10752K, reserved 1058816K
  class space    used 1178K, capacity 1251K, committed 1280K, reserved 1048576K
}
Event: 2.919 GC heap before
{Heap before GC invocations=4 (full 0):
 PSYoungGen      total 30720K, used 28210K [0x00000000de700000, 0x00000000e2300000, 0x0000000100000000)
  eden space 26624K, 100% used [0x00000000de700000,0x00000000e0100000,0x00000000e0100000)
  from space 4096K, 38% used [0x00000000e0100000,0x00000000e028c820,0x00000000e0500000)
  to   space 4096K, 0% used [0x00000000e1f00000,0x00000000e1f00000,0x00000000e2300000)
 ParOldGen       total 95744K, used 76832K [0x000000009b400000, 0x00000000a1180000, 0x00000000de700000)
  object space 95744K, 80% used [0x000000009b400000,0x000000009ff08030,0x00000000a1180000)
 Metaspace       used 10480K, capacity 10662K, committed 10752K, reserved 1058816K
  class space    used 1178K, capacity 1251K, committed 1280K, reserved 1048576K
Event: 2.922 GC heap after
Heap after GC invocations=4 (full 0):
 PSYoungGen      total 57344K, used 1584K [0x00000000de700000, 0x00000000e2300000, 0x0000000100000000)
  eden space 53248K, 0% used [0x00000000de700000,0x00000000de700000,0x00000000e1b00000)
  from space 4096K, 38% used [0x00000000e1f00000,0x00000000e208c010,0x00000000e2300000)
  to   space 4096K, 0% used [0x00000000e1b00000,0x00000000e1b00000,0x00000000e1f00000)
 ParOldGen       total 95744K, used 76840K [0x000000009b400000, 0x00000000a1180000, 0x00000000de700000)
  object space 95744K, 80% used [0x000000009b400000,0x000000009ff0a030,0x00000000a1180000)
 Metaspace       used 10480K, capacity 10662K, committed 10752K, reserved 1058816K
  class space    used 1178K, capacity 1251K, committed 1280K, reserved 1048576K
}
Event: 3.259 GC heap before
{Heap before GC invocations=5 (full 0):
 PSYoungGen      total 57344K, used 54832K [0x00000000de700000, 0x00000000e2300000, 0x0000000100000000)
  eden space 53248K, 100% used [0x00000000de700000,0x00000000e1b00000,0x00000000e1b00000)
  from space 4096K, 38% used [0x00000000e1f00000,0x00000000e208c010,0x00000000e2300000)
  to   space 4096K, 0% used [0x00000000e1b00000,0x00000000e1b00000,0x00000000e1f00000)
 ParOldGen       total 95744K, used 76840K [0x000000009b400000, 0x00000000a1180000, 0x00000000de700000)
  object space 95744K, 80% used [0x000000009b400000,0x000000009ff0a030,0x00000000a1180000)
 Metaspace       used 10657K, capacity 10822K, committed 11136K, reserved 1058816K
  class space    used 1200K, capacity 1283K, committed 1408K, reserved 1048576K
Event: 3.263 GC heap after
Heap after GC invocations=5 (full 0):
 PSYoungGen      total 57344K, used 1714K [0x00000000de700000, 0x00000000e5300000, 0x0000000100000000)
  eden space 53248K, 0% used [0x00000000de700000,0x00000000de700000,0x00000000e1b00000)
  from space 4096K, 41% used [0x00000000e1b00000,0x00000000e1cac820,0x00000000e1f00000)
  to   space 2048K, 0% used [0x00000000e5100000,0x00000000e5100000,0x00000000e5300000)
 ParOldGen       total 95744K, used 76848K [0x000000009b400000, 0x00000000a1180000, 0x00000000de700000)
  object space 95744K, 80% used [0x000000009b400000,0x000000009ff0c030,0x00000000a1180000)
 Metaspace       used 10657K, capacity 10822K, committed 11136K, reserved 1058816K
  class space    used 1200K, capacity 1283K, committed 1408K, reserved 1048576K
}
Event: 3.466 GC heap before
{Heap before GC invocations=6 (full 0):
 PSYoungGen      total 57344K, used 54962K [0x00000000de700000, 0x00000000e5300000, 0x0000000100000000)
  eden space 53248K, 100% used [0x00000000de700000,0x00000000e1b00000,0x00000000e1b00000)
  from space 4096K, 41% used [0x00000000e1b00000,0x00000000e1cac820,0x00000000e1f00000)
  to   space 2048K, 0% used [0x00000000e5100000,0x00000000e5100000,0x00000000e5300000)
 ParOldGen       total 95744K, used 76848K [0x000000009b400000, 0x00000000a1180000, 0x00000000de700000)
  object space 95744K, 80% used [0x000000009b400000,0x000000009ff0c030,0x00000000a1180000)
 Metaspace       used 10727K, capacity 10886K, committed 11136K, reserved 1058816K
  class space    used 1200K, capacity 1283K, committed 1408K, reserved 1048576K
Event: 3.470 GC heap after
Heap after GC invocations=6 (full 0):
 PSYoungGen      total 108544K, used 1728K [0x00000000de700000, 0x00000000e5300000, 0x0000000100000000)
  eden space 106496K, 0% used [0x00000000de700000,0x00000000de700000,0x00000000e4f00000)
  from space 2048K, 84% used [0x00000000e5100000,0x00000000e52b0000,0x00000000e5300000)
  to   space 2048K, 0% used [0x00000000e4f00000,0x00000000e4f00000,0x00000000e5100000)
 ParOldGen       total 95744K, used 76856K [0x000000009b400000, 0x00000000a1180000, 0x00000000de700000)
  object space 95744K, 80% used [0x000000009b400000,0x000000009ff0e030,0x00000000a1180000)
 Metaspace       used 10727K, capacity 10886K, committed 11136K, reserved 1058816K
  class space    used 1200K, capacity 1283K, committed 1408K, reserved 1048576K
}
Event: 3.951 GC heap before
{Heap before GC invocations=7 (full 0):
 PSYoungGen      total 108544K, used 108224K [0x00000000de700000, 0x00000000e5300000, 0x0000000100000000)
  eden space 106496K, 100% used [0x00000000de700000,0x00000000e4f00000,0x00000000e4f00000)
  from space 2048K, 84% used [0x00000000e5100000,0x00000000e52b0000,0x00000000e5300000)
  to   space 2048K, 0% used [0x00000000e4f00000,0x00000000e4f00000,0x00000000e5100000)
 ParOldGen       total 95744K, used 76856K [0x000000009b400000, 0x00000000a1180000, 0x00000000de700000)
  object space 95744K, 80% used [0x000000009b400000,0x000000009ff0e030,0x00000000a1180000)
 Metaspace       used 10755K, capacity 10950K, committed 11136K, reserved 1058816K
  class space    used 1200K, capacity 1283K, committed 1408K, reserved 1048576K

Deoptimization events (10 events):
Event: 2.304 Thread 0x00007f5e641c1800 Uncommon trap: reason=class_check action=maybe_recompile pc=0x00007f5e5526dd30 method=java.util.Hashtable.remove(Ljava/lang/Object;)Ljava/lang/Object; @ 6
Event: 2.304 Thread 0x00007f5e641c1800 Uncommon trap: reason=class_check action=maybe_recompile pc=0x00007f5e5526dd30 method=java.util.Hashtable.remove(Ljava/lang/Object;)Ljava/lang/Object; @ 6
Event: 2.304 Thread 0x00007f5e641c1800 Uncommon trap: reason=class_check action=maybe_recompile pc=0x00007f5e5526dd30 method=java.util.Hashtable.remove(Ljava/lang/Object;)Ljava/lang/Object; @ 6
Event: 2.988 Thread 0x00007f5e641e8800 Uncommon trap: reason=bimorphic action=maybe_recompile pc=0x00007f5e552652c0 method=java.util.Hashtable.put(Ljava/lang/Object;Ljava/lang/Object;)Ljava/lang/Object; @ 60
Event: 2.988 Thread 0x00007f5e641e8800 Uncommon trap: reason=bimorphic action=maybe_recompile pc=0x00007f5e552652c0 method=java.util.Hashtable.put(Ljava/lang/Object;Ljava/lang/Object;)Ljava/lang/Object; @ 60
Event: 2.988 Thread 0x00007f5e641e8800 Uncommon trap: reason=bimorphic action=maybe_recompile pc=0x00007f5e552652c0 method=java.util.Hashtable.put(Ljava/lang/Object;Ljava/lang/Object;)Ljava/lang/Object; @ 60
Event: 2.988 Thread 0x00007f5e641e8800 Uncommon trap: reason=bimorphic action=maybe_recompile pc=0x00007f5e552652c0 method=java.util.Hashtable.put(Ljava/lang/Object;Ljava/lang/Object;)Ljava/lang/Object; @ 60
Event: 3.009 Thread 0x00007f5e08003800 Uncommon trap: reason=unstable_if action=reinterpret pc=0x00007f5e552bc928 method=java.awt.AWTKeyStroke.hashCode()I @ 26
Event: 3.009 Thread 0x00007f5e08003800 Uncommon trap: reason=unstable_if action=reinterpret pc=0x00007f5e55256998 method=java.awt.AWTKeyStroke.hashCode()I @ 26
Event: 3.010 Thread 0x00007f5e6400a800 Uncommon trap: reason=null_check action=make_not_entrant pc=0x00007f5e552c8acc method=java.awt.AWTKeyStroke.getCachedStroke(CIIZ)Ljava/awt/AWTKeyStroke; @ 23

Classes redefined (0 events):
No events

Internal exceptions (10 events):
Event: 0.929 Thread 0x00007f5e6400a800 Exception <a 'java/security/PrivilegedActionException'> (0x00000000de775ff0) thrown at [/HUDSON/workspace/8-2-build-linux-amd64/jdk8u201/12317/hotspot/src/share/vm/prims/jvm.cpp, line 1502]
Event: 0.929 Thread 0x00007f5e6400a800 Exception <a 'java/security/PrivilegedActionException'> (0x00000000de778458) thrown at [/HUDSON/workspace/8-2-build-linux-amd64/jdk8u201/12317/hotspot/src/share/vm/prims/jvm.cpp, line 1502]
Event: 0.929 Thread 0x00007f5e6400a800 Exception <a 'java/security/PrivilegedActionException'> (0x00000000de778668) thrown at [/HUDSON/workspace/8-2-build-linux-amd64/jdk8u201/12317/hotspot/src/share/vm/prims/jvm.cpp, line 1502]
Event: 1.012 Thread 0x00007f5e6400a800 Exception <a 'java/lang/NoSuchFieldError': method resolution failed> (0x00000000de8cca58) thrown at [/HUDSON/workspace/8-2-build-linux-amd64/jdk8u201/12317/hotspot/src/share/vm/prims/methodHandles.cpp, line 1167]
Event: 1.016 Thread 0x00007f5e6400a800 Exception <a 'java/lang/NoSuchFieldError': method resolution failed> (0x00000000de8da258) thrown at [/HUDSON/workspace/8-2-build-linux-amd64/jdk8u201/12317/hotspot/src/share/vm/prims/methodHandles.cpp, line 1167]
Event: 1.089 Thread 0x00007f5e6400a800 Exception <a 'java/io/FileNotFoundException'> (0x00000000de9584e0) thrown at [/HUDSON/workspace/8-2-build-linux-amd64/jdk8u201/12317/hotspot/src/share/vm/prims/jni.cpp, line 709]
Event: 1.089 Thread 0x00007f5e6400a800 Exception <a 'java/io/FileNotFoundException'> (0x00000000de958ec8) thrown at [/HUDSON/workspace/8-2-build-linux-amd64/jdk8u201/12317/hotspot/src/share/vm/prims/jni.cpp, line 709]
Event: 1.335 Thread 0x00007f5e6400a800 Implicit null exception at 0x00007f5e5517a0a2 to 0x00007f5e5517a25d
Event: 2.561 Thread 0x00007f5e08003800 Exception <a 'java/lang/UnsupportedOperationException': > (0x00000000deeec940) thrown at [/HUDSON/workspace/8-2-build-linux-amd64/jdk8u201/12317/hotspot/src/share/vm/prims/jni.cpp, line 735]
Event: 3.010 Thread 0x00007f5e6400a800 Implicit null exception at 0x00007f5e552c6a75 to 0x00007f5e552c8ab9

Events (10 events):
Event: 3.033 loading class javax/swing/JWindow
Event: 3.033 loading class javax/swing/JWindow done
Event: 3.033 loading class javax/swing/Popup$HeavyWeightWindow done
Event: 3.259 Executing VM operation: ParallelGCFailedAllocation
Event: 3.263 Executing VM operation: ParallelGCFailedAllocation done
Event: 3.466 Executing VM operation: ParallelGCFailedAllocation
Event: 3.470 Executing VM operation: ParallelGCFailedAllocation done
Event: 3.804 Thread 0x00007f5e6400a800 DEOPT PACKING pc=0x00007f5e5535ad14 sp=0x00007f5e6afa1850
Event: 3.804 Thread 0x00007f5e6400a800 DEOPT UNPACKING pc=0x00007f5e55047784 sp=0x00007f5e6afa1690 mode 0
Event: 3.920 Executing VM operation: ParallelGCFailedAllocation


Dynamic libraries:
00400000-00401000 r-xp 00000000 08:01 267615                             /usr/lib/jvm/java-8-oracle/bin/java
00600000-00601000 r--p 00000000 08:01 267615                             /usr/lib/jvm/java-8-oracle/bin/java
00601000-00602000 rw-p 00001000 08:01 267615                             /usr/lib/jvm/java-8-oracle/bin/java
01bad000-01bce000 rw-p 00000000 00:00 0                                  [heap]
9b400000-a1180000 rw-p 00000000 00:00 0 
a1180000-de700000 ---p 00000000 00:00 0 
de700000-e5300000 rw-p 00000000 00:00 0 
ebc00000-100000000 ---p 00000000 00:00 0 
100000000-100160000 rw-p 00000000 00:00 0 
100160000-140000000 ---p 00000000 00:00 0 
7f5e00000000-7f5e002a9000 rw-p 00000000 00:00 0 
7f5e002a9000-7f5e04000000 ---p 00000000 00:00 0 
7f5e08000000-7f5e08021000 rw-p 00000000 00:00 0 
7f5e08021000-7f5e0c000000 ---p 00000000 00:00 0 
7f5e0c000000-7f5e0c021000 rw-p 00000000 00:00 0 
7f5e0c021000-7f5e10000000 ---p 00000000 00:00 0 
7f5e10000000-7f5e10021000 rw-p 00000000 00:00 0 
7f5e10021000-7f5e14000000 ---p 00000000 00:00 0 
7f5e14000000-7f5e14021000 rw-p 00000000 00:00 0 
7f5e14021000-7f5e18000000 ---p 00000000 00:00 0 
7f5e18000000-7f5e18021000 rw-p 00000000 00:00 0 
7f5e18021000-7f5e1c000000 ---p 00000000 00:00 0 
7f5e1c000000-7f5e1c021000 rw-p 00000000 00:00 0 
7f5e1c021000-7f5e20000000 ---p 00000000 00:00 0 
7f5e20000000-7f5e20b0b000 rw-p 00000000 00:00 0 
7f5e20b0b000-7f5e24000000 ---p 00000000 00:00 0 
7f5e24000000-7f5e24408000 rw-p 00000000 00:00 0 
7f5e24408000-7f5e28000000 ---p 00000000 00:00 0 
7f5e28000000-7f5e28021000 rw-p 00000000 00:00 0 
7f5e28021000-7f5e2c000000 ---p 00000000 00:00 0 
7f5e2c000000-7f5e2cb72000 rw-p 00000000 00:00 0 
7f5e2cb72000-7f5e30000000 ---p 00000000 00:00 0 
7f5e30000000-7f5e30021000 rw-p 00000000 00:00 0 
7f5e30021000-7f5e34000000 ---p 00000000 00:00 0 
7f5e34000000-7f5e34021000 rw-p 00000000 00:00 0 
7f5e34021000-7f5e38000000 ---p 00000000 00:00 0 
7f5e38000000-7f5e38021000 rw-p 00000000 00:00 0 
7f5e38021000-7f5e3c000000 ---p 00000000 00:00 0 
7f5e3c000000-7f5e3c29b000 rw-p 00000000 00:00 0 
7f5e3c29b000-7f5e40000000 ---p 00000000 00:00 0 
7f5e40000000-7f5e40021000 rw-p 00000000 00:00 0 
7f5e40021000-7f5e44000000 ---p 00000000 00:00 0 
7f5e458f2000-7f5e4595e000 r-xp 00000000 08:01 283077                     /usr/lib/jvm/java-8-oracle/jre/lib/amd64/libt2k.so
7f5e4595e000-7f5e45b5e000 ---p 0006c000 08:01 283077                     /usr/lib/jvm/java-8-oracle/jre/lib/amd64/libt2k.so
7f5e45b5e000-7f5e45b64000 r--p 0006c000 08:01 283077                     /usr/lib/jvm/java-8-oracle/jre/lib/amd64/libt2k.so
7f5e45b64000-7f5e45b65000 rw-p 00072000 08:01 283077                     /usr/lib/jvm/java-8-oracle/jre/lib/amd64/libt2k.so
7f5e45b65000-7f5e45b76000 r-xp 00000000 08:01 283118                     /usr/lib/jvm/java-8-oracle/jre/lib/amd64/libnio.so
7f5e45b76000-7f5e45d75000 ---p 00011000 08:01 283118                     /usr/lib/jvm/java-8-oracle/jre/lib/amd64/libnio.so
7f5e45d75000-7f5e45d76000 r--p 00010000 08:01 283118                     /usr/lib/jvm/java-8-oracle/jre/lib/amd64/libnio.so
7f5e45d76000-7f5e45d77000 rw-p 00011000 08:01 283118                     /usr/lib/jvm/java-8-oracle/jre/lib/amd64/libnio.so
7f5e45d77000-7f5e45d8d000 r-xp 00000000 08:01 283115                     /usr/lib/jvm/java-8-oracle/jre/lib/amd64/libnet.so
7f5e45d8d000-7f5e45f8d000 ---p 00016000 08:01 283115                     /usr/lib/jvm/java-8-oracle/jre/lib/amd64/libnet.so
7f5e45f8d000-7f5e45f8e000 r--p 00016000 08:01 283115                     /usr/lib/jvm/java-8-oracle/jre/lib/amd64/libnet.so
7f5e45f8e000-7f5e45f8f000 rw-p 00017000 08:01 283115                     /usr/lib/jvm/java-8-oracle/jre/lib/amd64/libnet.so
7f5e45f8f000-7f5e4610f000 rw-p 00000000 00:00 0 
7f5e4610f000-7f5e4618f000 ---p 00000000 00:00 0 
7f5e4618f000-7f5e46192000 ---p 00000000 00:00 0 
7f5e46192000-7f5e46290000 rw-p 00000000 00:00 0 
7f5e46290000-7f5e46293000 ---p 00000000 00:00 0 
7f5e46293000-7f5e46391000 rw-p 00000000 00:00 0 
7f5e46391000-7f5e46394000 ---p 00000000 00:00 0 
7f5e46394000-7f5e46492000 rw-p 00000000 00:00 0 
7f5e46492000-7f5e46495000 ---p 00000000 00:00 0 
7f5e46495000-7f5e46593000 rw-p 00000000 00:00 0 
7f5e46593000-7f5e46598000 r-xp 00000000 08:01 269683                     /usr/lib/x86_64-linux-gnu/libXfixes.so.3.1.0
7f5e46598000-7f5e46797000 ---p 00005000 08:01 269683                     /usr/lib/x86_64-linux-gnu/libXfixes.so.3.1.0
7f5e46797000-7f5e46798000 r--p 00004000 08:01 269683                     /usr/lib/x86_64-linux-gnu/libXfixes.so.3.1.0
7f5e46798000-7f5e46799000 rw-p 00005000 08:01 269683                     /usr/lib/x86_64-linux-gnu/libXfixes.so.3.1.0
7f5e46799000-7f5e467a2000 r-xp 00000000 08:01 269675                     /usr/lib/x86_64-linux-gnu/libXcursor.so.1.0.2
7f5e467a2000-7f5e469a1000 ---p 00009000 08:01 269675                     /usr/lib/x86_64-linux-gnu/libXcursor.so.1.0.2
7f5e469a1000-7f5e469a2000 r--p 00008000 08:01 269675                     /usr/lib/x86_64-linux-gnu/libXcursor.so.1.0.2
7f5e469a2000-7f5e469a3000 rw-p 00009000 08:01 269675                     /usr/lib/x86_64-linux-gnu/libXcursor.so.1.0.2
7f5e469a3000-7f5e46a00000 r-xp 00000000 08:01 283095                     /usr/lib/jvm/java-8-oracle/jre/lib/amd64/libfontmanager.so
7f5e46a00000-7f5e46c00000 ---p 0005d000 08:01 283095                     /usr/lib/jvm/java-8-oracle/jre/lib/amd64/libfontmanager.so
7f5e46c00000-7f5e46c03000 r--p 0005d000 08:01 283095                     /usr/lib/jvm/java-8-oracle/jre/lib/amd64/libfontmanager.so
7f5e46c03000-7f5e46c04000 rw-p 00060000 08:01 283095                     /usr/lib/jvm/java-8-oracle/jre/lib/amd64/libfontmanager.so
7f5e46c04000-7f5e46c19000 r-xp 00000000 08:01 1185741                    /lib/x86_64-linux-gnu/libbsd.so.0.9.1
7f5e46c19000-7f5e46e18000 ---p 00015000 08:01 1185741                    /lib/x86_64-linux-gnu/libbsd.so.0.9.1
7f5e46e18000-7f5e46e19000 r--p 00014000 08:01 1185741                    /lib/x86_64-linux-gnu/libbsd.so.0.9.1
7f5e46e19000-7f5e46e1a000 rw-p 00015000 08:01 1185741                    /lib/x86_64-linux-gnu/libbsd.so.0.9.1
7f5e46e1a000-7f5e46e1b000 rw-p 00000000 00:00 0 
7f5e46e1b000-7f5e46e20000 r-xp 00000000 08:01 269679                     /usr/lib/x86_64-linux-gnu/libXdmcp.so.6.0.0
7f5e46e20000-7f5e4701f000 ---p 00005000 08:01 269679                     /usr/lib/x86_64-linux-gnu/libXdmcp.so.6.0.0
7f5e4701f000-7f5e47020000 r--p 00004000 08:01 269679                     /usr/lib/x86_64-linux-gnu/libXdmcp.so.6.0.0
7f5e47020000-7f5e47021000 rw-p 00005000 08:01 269679                     /usr/lib/x86_64-linux-gnu/libXdmcp.so.6.0.0
7f5e47021000-7f5e47023000 r-xp 00000000 08:01 269668                     /usr/lib/x86_64-linux-gnu/libXau.so.6.0.0
7f5e47023000-7f5e47223000 ---p 00002000 08:01 269668                     /usr/lib/x86_64-linux-gnu/libXau.so.6.0.0
7f5e47223000-7f5e47224000 r--p 00002000 08:01 269668                     /usr/lib/x86_64-linux-gnu/libXau.so.6.0.0
7f5e47224000-7f5e47225000 rw-p 00003000 08:01 269668                     /usr/lib/x86_64-linux-gnu/libXau.so.6.0.0
7f5e47225000-7f5e48000000 r--p 00000000 08:01 268109                     /usr/lib/locale/locale-archive
7f5e48000000-7f5e48021000 rw-p 00000000 00:00 0 
7f5e48021000-7f5e4c000000 ---p 00000000 00:00 0 
7f5e4c0dc000-7f5e4c0df000 ---p 00000000 00:00 0 
7f5e4c0df000-7f5e4c1dd000 rw-p 00000000 00:00 0 
7f5e4c1dd000-7f5e4c1ec000 r-xp 00000000 08:01 269689                     /usr/lib/x86_64-linux-gnu/libXi.so.6.1.0
7f5e4c1ec000-7f5e4c3eb000 ---p 0000f000 08:01 269689                     /usr/lib/x86_64-linux-gnu/libXi.so.6.1.0
7f5e4c3eb000-7f5e4c3ec000 r--p 0000e000 08:01 269689                     /usr/lib/x86_64-linux-gnu/libXi.so.6.1.0
7f5e4c3ec000-7f5e4c3ed000 rw-p 0000f000 08:01 269689                     /usr/lib/x86_64-linux-gnu/libXi.so.6.1.0
7f5e4c3ed000-7f5e4c3f2000 r-xp 00000000 08:01 269707                     /usr/lib/x86_64-linux-gnu/libXtst.so.6.1.0
7f5e4c3f2000-7f5e4c5f1000 ---p 00005000 08:01 269707                     /usr/lib/x86_64-linux-gnu/libXtst.so.6.1.0
7f5e4c5f1000-7f5e4c5f2000 r--p 00004000 08:01 269707                     /usr/lib/x86_64-linux-gnu/libXtst.so.6.1.0
7f5e4c5f2000-7f5e4c5f3000 rw-p 00005000 08:01 269707                     /usr/lib/x86_64-linux-gnu/libXtst.so.6.1.0
7f5e4c5f3000-7f5e4c5fc000 r-xp 00000000 08:01 269701                     /usr/lib/x86_64-linux-gnu/libXrender.so.1.3.0
7f5e4c5fc000-7f5e4c7fb000 ---p 00009000 08:01 269701                     /usr/lib/x86_64-linux-gnu/libXrender.so.1.3.0
7f5e4c7fb000-7f5e4c7fc000 r--p 00008000 08:01 269701                     /usr/lib/x86_64-linux-gnu/libXrender.so.1.3.0
7f5e4c7fc000-7f5e4c7fd000 rw-p 00009000 08:01 269701                     /usr/lib/x86_64-linux-gnu/libXrender.so.1.3.0
7f5e4c7fd000-7f5e4c815000 r--p 00000000 08:01 269664                     /usr/lib/x86_64-linux-gnu/libX11.so.6.3.0
7f5e4c815000-7f5e4c89d000 r-xp 00018000 08:01 269664                     /usr/lib/x86_64-linux-gnu/libX11.so.6.3.0
7f5e4c89d000-7f5e4c931000 r--p 000a0000 08:01 269664                     /usr/lib/x86_64-linux-gnu/libX11.so.6.3.0
7f5e4c931000-7f5e4c932000 ---p 00134000 08:01 269664                     /usr/lib/x86_64-linux-gnu/libX11.so.6.3.0
7f5e4c932000-7f5e4c933000 r--p 00134000 08:01 269664                     /usr/lib/x86_64-linux-gnu/libX11.so.6.3.0
7f5e4c933000-7f5e4c937000 rw-p 00135000 08:01 269664                     /usr/lib/x86_64-linux-gnu/libX11.so.6.3.0
7f5e4c937000-7f5e4c948000 r-xp 00000000 08:01 269681                     /usr/lib/x86_64-linux-gnu/libXext.so.6.4.0
7f5e4c948000-7f5e4cb47000 ---p 00011000 08:01 269681                     /usr/lib/x86_64-linux-gnu/libXext.so.6.4.0
7f5e4cb47000-7f5e4cb48000 r--p 00010000 08:01 269681                     /usr/lib/x86_64-linux-gnu/libXext.so.6.4.0
7f5e4cb48000-7f5e4cb49000 rw-p 00011000 08:01 269681                     /usr/lib/x86_64-linux-gnu/libXext.so.6.4.0
7f5e4cb49000-7f5e4cb9c000 r-xp 00000000 08:01 283122                     /usr/lib/jvm/java-8-oracle/jre/lib/amd64/libawt_xawt.so
7f5e4cb9c000-7f5e4cd9b000 ---p 00053000 08:01 283122                     /usr/lib/jvm/java-8-oracle/jre/lib/amd64/libawt_xawt.so
7f5e4cd9b000-7f5e4cd9c000 r--p 00052000 08:01 283122                     /usr/lib/jvm/java-8-oracle/jre/lib/amd64/libawt_xawt.so
7f5e4cd9c000-7f5e4cd9f000 rw-p 00053000 08:01 283122                     /usr/lib/jvm/java-8-oracle/jre/lib/amd64/libawt_xawt.so
7f5e4cd9f000-7f5e50000000 rw-p 00000000 00:00 0 
7f5e50000000-7f5e50021000 rw-p 00000000 00:00 0 
7f5e50021000-7f5e54000000 ---p 00000000 00:00 0 
7f5e54023000-7f5e540c3000 r-xp 00000000 08:01 283108                     /usr/lib/jvm/java-8-oracle/jre/lib/amd64/libawt.so
7f5e540c3000-7f5e542c2000 ---p 000a0000 08:01 283108                     /usr/lib/jvm/java-8-oracle/jre/lib/amd64/libawt.so
7f5e542c2000-7f5e542c3000 r--p 0009f000 08:01 283108                     /usr/lib/jvm/java-8-oracle/jre/lib/amd64/libawt.so
7f5e542c3000-7f5e542ce000 rw-p 000a0000 08:01 283108                     /usr/lib/jvm/java-8-oracle/jre/lib/amd64/libawt.so
7f5e542ce000-7f5e542f3000 rw-p 00000000 00:00 0 
7f5e542f3000-7f5e542f4000 ---p 00000000 00:00 0 
7f5e542f4000-7f5e543f4000 rw-p 00000000 00:00 0 
7f5e543f4000-7f5e543f7000 ---p 00000000 00:00 0 
7f5e543f7000-7f5e544f5000 rw-p 00000000 00:00 0 
7f5e544f5000-7f5e544f6000 ---p 00000000 00:00 0 
7f5e544f6000-7f5e544f9000 ---p 00000000 00:00 0 
7f5e544f9000-7f5e545f6000 rw-p 00000000 00:00 0 
7f5e545f6000-7f5e545f7000 ---p 00000000 00:00 0 
7f5e545f7000-7f5e545fa000 ---p 00000000 00:00 0 
7f5e545fa000-7f5e546f7000 rw-p 00000000 00:00 0 
7f5e546f7000-7f5e546f8000 ---p 00000000 00:00 0 
7f5e546f8000-7f5e546fb000 ---p 00000000 00:00 0 
7f5e546fb000-7f5e547f8000 rw-p 00000000 00:00 0 
7f5e547f8000-7f5e547fb000 ---p 00000000 00:00 0 
7f5e547fb000-7f5e548f9000 rw-p 00000000 00:00 0 
7f5e548f9000-7f5e548fc000 ---p 00000000 00:00 0 
7f5e548fc000-7f5e549fa000 rw-p 00000000 00:00 0 
7f5e549fa000-7f5e549fd000 ---p 00000000 00:00 0 
7f5e549fd000-7f5e54afb000 rw-p 00000000 00:00 0 
7f5e54afb000-7f5e54afc000 ---p 00000000 00:00 0 
7f5e54afc000-7f5e55000000 rw-p 00000000 00:00 0 
7f5e55000000-7f5e553a0000 rwxp 00000000 00:00 0 
7f5e553a0000-7f5e64000000 ---p 00000000 00:00 0 
7f5e64000000-7f5e644c2000 rw-p 00000000 00:00 0 
7f5e644c2000-7f5e68000000 ---p 00000000 00:00 0 
7f5e680b6000-7f5e680b9000 r--p 00000000 08:01 1185780                    /lib/x86_64-linux-gnu/libgcc_s.so.1
7f5e680b9000-7f5e680ca000 r-xp 00003000 08:01 1185780                    /lib/x86_64-linux-gnu/libgcc_s.so.1
7f5e680ca000-7f5e680cd000 r--p 00014000 08:01 1185780                    /lib/x86_64-linux-gnu/libgcc_s.so.1
7f5e680cd000-7f5e680ce000 ---p 00017000 08:01 1185780                    /lib/x86_64-linux-gnu/libgcc_s.so.1
7f5e680ce000-7f5e680cf000 r--p 00017000 08:01 1185780                    /lib/x86_64-linux-gnu/libgcc_s.so.1
7f5e680cf000-7f5e680d0000 rw-p 00018000 08:01 1185780                    /lib/x86_64-linux-gnu/libgcc_s.so.1
7f5e680d0000-7f5e680db000 r--p 00000000 08:01 270885                     /usr/lib/x86_64-linux-gnu/libxcb.so.1.1.0
7f5e680db000-7f5e680ee000 r-xp 0000b000 08:01 270885                     /usr/lib/x86_64-linux-gnu/libxcb.so.1.1.0
7f5e680ee000-7f5e680f7000 r--p 0001e000 08:01 270885                     /usr/lib/x86_64-linux-gnu/libxcb.so.1.1.0
7f5e680f7000-7f5e680f8000 r--p 00026000 08:01 270885                     /usr/lib/x86_64-linux-gnu/libxcb.so.1.1.0
7f5e680f8000-7f5e680f9000 rw-p 00027000 08:01 270885                     /usr/lib/x86_64-linux-gnu/libxcb.so.1.1.0
7f5e680f9000-7f5e68cf8000 rw-p 00000000 00:00 0 
7f5e68cf8000-7f5e68ed2000 r--s 03d6f000 08:01 282898                     /usr/lib/jvm/java-8-oracle/jre/lib/rt.jar
7f5e68ed2000-7f5e69b11000 rw-p 00000000 00:00 0 
7f5e69b11000-7f5e69b12000 ---p 00000000 00:00 0 
7f5e69b12000-7f5e69c12000 rw-p 00000000 00:00 0 
7f5e69c12000-7f5e69c13000 ---p 00000000 00:00 0 
7f5e69c13000-7f5e69d13000 rw-p 00000000 00:00 0 
7f5e69d13000-7f5e69d14000 ---p 00000000 00:00 0 
7f5e69d14000-7f5e69e14000 rw-p 00000000 00:00 0 
7f5e69e14000-7f5e69e15000 ---p 00000000 00:00 0 
7f5e69e15000-7f5e69f44000 rw-p 00000000 00:00 0 
7f5e69f44000-7f5e6a12f000 ---p 00000000 00:00 0 
7f5e6a12f000-7f5e6a15e000 rw-p 00000000 00:00 0 
7f5e6a15e000-7f5e6a348000 ---p 00000000 00:00 0 
7f5e6a348000-7f5e6a37f000 rw-p 00000000 00:00 0 
7f5e6a37f000-7f5e6a455000 ---p 00000000 00:00 0 
7f5e6a455000-7f5e6a465000 rw-p 00000000 00:00 0 
7f5e6a465000-7f5e6a816000 ---p 00000000 00:00 0 
7f5e6a816000-7f5e6a831000 r-xp 00000000 08:01 283111                     /usr/lib/jvm/java-8-oracle/jre/lib/amd64/libzip.so
7f5e6a831000-7f5e6aa30000 ---p 0001b000 08:01 283111                     /usr/lib/jvm/java-8-oracle/jre/lib/amd64/libzip.so
7f5e6aa30000-7f5e6aa31000 r--p 0001a000 08:01 283111                     /usr/lib/jvm/java-8-oracle/jre/lib/amd64/libzip.so
7f5e6aa31000-7f5e6aa32000 rw-p 0001b000 08:01 283111                     /usr/lib/jvm/java-8-oracle/jre/lib/amd64/libzip.so
7f5e6aa32000-7f5e6aa35000 r--p 00000000 08:01 1185833                    /lib/x86_64-linux-gnu/libnss_files-2.28.so
7f5e6aa35000-7f5e6aa3c000 r-xp 00003000 08:01 1185833                    /lib/x86_64-linux-gnu/libnss_files-2.28.so
7f5e6aa3c000-7f5e6aa3f000 r--p 0000a000 08:01 1185833                    /lib/x86_64-linux-gnu/libnss_files-2.28.so
7f5e6aa3f000-7f5e6aa40000 r--p 0000c000 08:01 1185833                    /lib/x86_64-linux-gnu/libnss_files-2.28.so
7f5e6aa40000-7f5e6aa41000 rw-p 0000d000 08:01 1185833                    /lib/x86_64-linux-gnu/libnss_files-2.28.so
7f5e6aa41000-7f5e6aa47000 rw-p 00000000 00:00 0 
7f5e6aa5a000-7f5e6aa86000 r-xp 00000000 08:01 283105                     /usr/lib/jvm/java-8-oracle/jre/lib/amd64/libjava.so
7f5e6aa86000-7f5e6ac86000 ---p 0002c000 08:01 283105                     /usr/lib/jvm/java-8-oracle/jre/lib/amd64/libjava.so
7f5e6ac86000-7f5e6ac87000 r--p 0002c000 08:01 283105                     /usr/lib/jvm/java-8-oracle/jre/lib/amd64/libjava.so
7f5e6ac87000-7f5e6ac89000 rw-p 0002d000 08:01 283105                     /usr/lib/jvm/java-8-oracle/jre/lib/amd64/libjava.so
7f5e6ac89000-7f5e6ac96000 r-xp 00000000 08:01 283110                     /usr/lib/jvm/java-8-oracle/jre/lib/amd64/libverify.so
7f5e6ac96000-7f5e6ae95000 ---p 0000d000 08:01 283110                     /usr/lib/jvm/java-8-oracle/jre/lib/amd64/libverify.so
7f5e6ae95000-7f5e6ae97000 r--p 0000c000 08:01 283110                     /usr/lib/jvm/java-8-oracle/jre/lib/amd64/libverify.so
7f5e6ae97000-7f5e6ae98000 rw-p 0000e000 08:01 283110                     /usr/lib/jvm/java-8-oracle/jre/lib/amd64/libverify.so
7f5e6ae98000-7f5e6ae9a000 r--p 00000000 08:01 1185883                    /lib/x86_64-linux-gnu/librt-2.28.so
7f5e6ae9a000-7f5e6ae9e000 r-xp 00002000 08:01 1185883                    /lib/x86_64-linux-gnu/librt-2.28.so
7f5e6ae9e000-7f5e6aea0000 r--p 00006000 08:01 1185883                    /lib/x86_64-linux-gnu/librt-2.28.so
7f5e6aea0000-7f5e6aea1000 r--p 00007000 08:01 1185883                    /lib/x86_64-linux-gnu/librt-2.28.so
7f5e6aea1000-7f5e6aea2000 rw-p 00008000 08:01 1185883                    /lib/x86_64-linux-gnu/librt-2.28.so
7f5e6aea2000-7f5e6aea3000 ---p 00000000 00:00 0 
7f5e6aea3000-7f5e6aea6000 ---p 00000000 00:00 0 
7f5e6aea6000-7f5e6afa3000 rw-p 00000000 00:00 0 
7f5e6afa3000-7f5e6afb0000 r--p 00000000 08:01 1185806                    /lib/x86_64-linux-gnu/libm-2.28.so
7f5e6afb0000-7f5e6b05b000 r-xp 0000d000 08:01 1185806                    /lib/x86_64-linux-gnu/libm-2.28.so
7f5e6b05b000-7f5e6b12e000 r--p 000b8000 08:01 1185806                    /lib/x86_64-linux-gnu/libm-2.28.so
7f5e6b12e000-7f5e6b12f000 r--p 0018a000 08:01 1185806                    /lib/x86_64-linux-gnu/libm-2.28.so
7f5e6b12f000-7f5e6b130000 rw-p 0018b000 08:01 1185806                    /lib/x86_64-linux-gnu/libm-2.28.so
7f5e6b130000-7f5e6be18000 r-xp 00000000 08:01 283087                     /usr/lib/jvm/java-8-oracle/jre/lib/amd64/server/libjvm.so
7f5e6be18000-7f5e6c017000 ---p 00ce8000 08:01 283087                     /usr/lib/jvm/java-8-oracle/jre/lib/amd64/server/libjvm.so
7f5e6c017000-7f5e6c0ad000 r--p 00ce7000 08:01 283087                     /usr/lib/jvm/java-8-oracle/jre/lib/amd64/server/libjvm.so
7f5e6c0ad000-7f5e6c0de000 rw-p 00d7d000 08:01 283087                     /usr/lib/jvm/java-8-oracle/jre/lib/amd64/server/libjvm.so
7f5e6c0de000-7f5e6c11b000 rw-p 00000000 00:00 0 
7f5e6c11b000-7f5e6c13d000 r--p 00000000 08:01 1185745                    /lib/x86_64-linux-gnu/libc-2.28.so
7f5e6c13d000-7f5e6c2ae000 r-xp 00022000 08:01 1185745                    /lib/x86_64-linux-gnu/libc-2.28.so
7f5e6c2ae000-7f5e6c2fa000 r--p 00193000 08:01 1185745                    /lib/x86_64-linux-gnu/libc-2.28.so
7f5e6c2fa000-7f5e6c2fb000 ---p 001df000 08:01 1185745                    /lib/x86_64-linux-gnu/libc-2.28.so
7f5e6c2fb000-7f5e6c2ff000 r--p 001df000 08:01 1185745                    /lib/x86_64-linux-gnu/libc-2.28.so
7f5e6c2ff000-7f5e6c301000 rw-p 001e3000 08:01 1185745                    /lib/x86_64-linux-gnu/libc-2.28.so
7f5e6c301000-7f5e6c305000 rw-p 00000000 00:00 0 
7f5e6c305000-7f5e6c306000 r--p 00000000 08:01 1185766                    /lib/x86_64-linux-gnu/libdl-2.28.so
7f5e6c306000-7f5e6c308000 r-xp 00001000 08:01 1185766                    /lib/x86_64-linux-gnu/libdl-2.28.so
7f5e6c308000-7f5e6c309000 r--p 00003000 08:01 1185766                    /lib/x86_64-linux-gnu/libdl-2.28.so
7f5e6c309000-7f5e6c30a000 r--p 00003000 08:01 1185766                    /lib/x86_64-linux-gnu/libdl-2.28.so
7f5e6c30a000-7f5e6c30b000 rw-p 00004000 08:01 1185766                    /lib/x86_64-linux-gnu/libdl-2.28.so
7f5e6c30b000-7f5e6c322000 r-xp 00000000 08:01 282759                     /usr/lib/jvm/java-8-oracle/lib/amd64/jli/libjli.so
7f5e6c322000-7f5e6c521000 ---p 00017000 08:01 282759                     /usr/lib/jvm/java-8-oracle/lib/amd64/jli/libjli.so
7f5e6c521000-7f5e6c522000 r--p 00016000 08:01 282759                     /usr/lib/jvm/java-8-oracle/lib/amd64/jli/libjli.so
7f5e6c522000-7f5e6c523000 rw-p 00017000 08:01 282759                     /usr/lib/jvm/java-8-oracle/lib/amd64/jli/libjli.so
7f5e6c523000-7f5e6c529000 r--p 00000000 08:01 1185875                    /lib/x86_64-linux-gnu/libpthread-2.28.so
7f5e6c529000-7f5e6c538000 r-xp 00006000 08:01 1185875                    /lib/x86_64-linux-gnu/libpthread-2.28.so
7f5e6c538000-7f5e6c53e000 r--p 00015000 08:01 1185875                    /lib/x86_64-linux-gnu/libpthread-2.28.so
7f5e6c53e000-7f5e6c53f000 r--p 0001a000 08:01 1185875                    /lib/x86_64-linux-gnu/libpthread-2.28.so
7f5e6c53f000-7f5e6c540000 rw-p 0001b000 08:01 1185875                    /lib/x86_64-linux-gnu/libpthread-2.28.so
7f5e6c540000-7f5e6c546000 rw-p 00000000 00:00 0 
7f5e6c54f000-7f5e6c557000 rw-s 00000000 08:01 1185612                    /tmp/hsperfdata_szymon/5846
7f5e6c557000-7f5e6c558000 rw-p 00000000 00:00 0 
7f5e6c558000-7f5e6c559000 ---p 00000000 00:00 0 
7f5e6c559000-7f5e6c55a000 r--p 00000000 08:01 1185719                    /lib/x86_64-linux-gnu/ld-2.28.so
7f5e6c55a000-7f5e6c57a000 r-xp 00001000 08:01 1185719                    /lib/x86_64-linux-gnu/ld-2.28.so
7f5e6c57a000-7f5e6c582000 r--p 00021000 08:01 1185719                    /lib/x86_64-linux-gnu/ld-2.28.so
7f5e6c582000-7f5e6c583000 r--p 00028000 08:01 1185719                    /lib/x86_64-linux-gnu/ld-2.28.so
7f5e6c583000-7f5e6c584000 rw-p 00029000 08:01 1185719                    /lib/x86_64-linux-gnu/ld-2.28.so
7f5e6c584000-7f5e6c585000 rw-p 00000000 00:00 0 
7ffc10b46000-7ffc10b67000 rw-p 00000000 00:00 0                          [stack]
7ffc10b87000-7ffc10b8a000 r--p 00000000 00:00 0                          [vvar]
7ffc10b8a000-7ffc10b8c000 r-xp 00000000 00:00 0                          [vdso]
ffffffffff600000-ffffffffff601000 r-xp 00000000 00:00 0                  [vsyscall]

VM Arguments:
jvm_args: -Dfile.encoding=UTF-8 
java_command: GameScreen
java_class_path (initial): /home/szymon/Documents/2019-Java-Group39/CompSys302_G39/bin
Launcher Type: SUN_STANDARD

Environment Variables:
JAVA_HOME=/usr/lib/jvm/java-8-oracle
PATH=/usr/local/sbin:/usr/local/bin:/usr/sbin:/usr/bin:/sbin:/bin:/usr/games:/usr/local/games:/snap/bin:/usr/lib/jvm/java-8-oracle/bin:/usr/lib/jvm/java-8-oracle/db/bin:/usr/lib/jvm/java-8-oracle/jre/bin
USERNAME=szymon
SHELL=/bin/bash
DISPLAY=:0

Signal Handlers:
SIGSEGV: [libjvm.so+0xad3e60], sa_mask[0]=11111111011111111101111111111110, sa_flags=SA_RESTART|SA_SIGINFO
SIGBUS: [libjvm.so+0xad3e60], sa_mask[0]=11111111011111111101111111111110, sa_flags=SA_RESTART|SA_SIGINFO
SIGFPE: [libjvm.so+0x90b880], sa_mask[0]=11111111011111111101111111111110, sa_flags=SA_RESTART|SA_SIGINFO
SIGPIPE: [libjvm.so+0x90b880], sa_mask[0]=11111111011111111101111111111110, sa_flags=SA_RESTART|SA_SIGINFO
SIGXFSZ: [libjvm.so+0x90b880], sa_mask[0]=11111111011111111101111111111110, sa_flags=SA_RESTART|SA_SIGINFO
SIGILL: [libjvm.so+0x90b880], sa_mask[0]=11111111011111111101111111111110, sa_flags=SA_RESTART|SA_SIGINFO
SIGUSR1: SIG_DFL, sa_mask[0]=00000000000000000000000000000000, sa_flags=none
SIGUSR2: [libjvm.so+0x90b750], sa_mask[0]=00100000000000000000000000000000, sa_flags=SA_RESTART|SA_SIGINFO
SIGHUP: [libjvm.so+0x90bd70], sa_mask[0]=11111111011111111101111111111110, sa_flags=SA_RESTART|SA_SIGINFO
SIGINT: [libjvm.so+0x90bd70], sa_mask[0]=11111111011111111101111111111110, sa_flags=SA_RESTART|SA_SIGINFO
SIGTERM: [libjvm.so+0x90bd70], sa_mask[0]=11111111011111111101111111111110, sa_flags=SA_RESTART|SA_SIGINFO
SIGQUIT: [libjvm.so+0x90bd70], sa_mask[0]=11111111011111111101111111111110, sa_flags=SA_RESTART|SA_SIGINFO


---------------  S Y S T E M  ---------------

OS:DISTRIB_ID=Ubuntu
DISTRIB_RELEASE=18.10
DISTRIB_CODENAME=cosmic
DISTRIB_DESCRIPTION="Ubuntu 18.10"

uname:Linux 4.18.0-17-generic #18-Ubuntu SMP Wed Mar 13 14:34:40 UTC 2019 x86_64
libc:glibc 2.28 NPTL 2.28 
rlimit: STACK 8192k, CORE 0k, NPROC 25589, NOFILE 4096, AS infinity
load average:4.34 4.42 3.09

/proc/meminfo:
MemTotal:        6595972 kB
MemFree:          110076 kB
MemAvailable:      29452 kB
Buffers:             848 kB
Cached:            40136 kB
SwapCached:         4612 kB
Active:          4327532 kB
Inactive:         794540 kB
Active(anon):    4311720 kB
Inactive(anon):   775816 kB
Active(file):      15812 kB
Inactive(file):    18724 kB
Unevictable:          48 kB
Mlocked:              48 kB
SwapTotal:        969960 kB
SwapFree:              4 kB
Dirty:               136 kB
Writeback:             0 kB
AnonPages:       5076744 kB
Mapped:            34956 kB
Shmem:              6336 kB
Slab:             198624 kB
SReclaimable:      65856 kB
SUnreclaim:       132768 kB
KernelStack:       16656 kB
PageTables:        34076 kB
NFS_Unstable:          0 kB
Bounce:                0 kB
WritebackTmp:          0 kB
CommitLimit:     4267944 kB
Committed_AS:   11000592 kB
VmallocTotal:   34359738367 kB
VmallocUsed:           0 kB
VmallocChunk:          0 kB
HardwareCorrupted:     0 kB
AnonHugePages:         0 kB
ShmemHugePages:        0 kB
ShmemPmdMapped:        0 kB
CmaTotal:              0 kB
CmaFree:               0 kB
HugePages_Total:       0
HugePages_Free:        0
HugePages_Rsvd:        0
HugePages_Surp:        0
Hugepagesize:       2048 kB
Hugetlb:               0 kB
DirectMap4k:      307008 kB
DirectMap2M:     5459968 kB
DirectMap1G:     1048576 kB

container (cgroup) information:
container_type: cgroupv1
cpu_cpuset_cpus: 0-3
cpu_memory_nodes: 0
active_processor_count: 4
cpu_quota: -1
cpu_period: 100000
cpu_shares: -1
memory_limit_in_bytes: -1
memory_and_swap_limit_in_bytes: -2
memory_soft_limit_in_bytes: -1
memory_usage_in_bytes: 5142077440
memory_max_usage_in_bytes: 5145067520


CPU:total 4 (initial active 4) (1 cores per cpu, 1 threads per core) family 6 model 69 stepping 1, cmov, cx8, fxsr, mmx, sse, sse2, sse3, ssse3, sse4.1, sse4.2, popcnt, avx, avx2, aes, clmul, erms, lzcnt, tsc, tscinvbit, bmi1, bmi2

/proc/cpuinfo:
processor	: 0
vendor_id	: GenuineIntel
cpu family	: 6
model		: 69
model name	: Intel(R) Core(TM) i7-4510U CPU @ 2.00GHz
stepping	: 1
microcode	: 0x20
cpu MHz		: 2601.000
cache size	: 4096 KB
physical id	: 0
siblings	: 1
core id		: 0
cpu cores	: 1
apicid		: 0
initial apicid	: 0
fpu		: yes
fpu_exception	: yes
cpuid level	: 13
wp		: yes
flags		: fpu vme de pse tsc msr pae mce cx8 apic sep mtrr pge mca cmov pat pse36 clflush mmx fxsr sse sse2 ss syscall nx pdpe1gb rdtscp lm constant_tsc arch_perfmon nopl xtopology tsc_reliable nonstop_tsc cpuid pni pclmulqdq ssse3 fma cx16 pcid sse4_1 sse4_2 x2apic movbe popcnt tsc_deadline_timer aes xsave avx f16c rdrand hypervisor lahf_lm abm cpuid_fault invpcid_single pti fsgsbase tsc_adjust bmi1 avx2 smep bmi2 invpcid xsaveopt arat
bugs		: cpu_meltdown spectre_v1 spectre_v2 spec_store_bypass l1tf
bogomips	: 5202.00
clflush size	: 64
cache_alignment	: 64
address sizes	: 43 bits physical, 48 bits virtual
power management:

processor	: 1
vendor_id	: GenuineIntel
cpu family	: 6
model		: 69
model name	: Intel(R) Core(TM) i7-4510U CPU @ 2.00GHz
stepping	: 1
microcode	: 0x20
cpu MHz		: 2601.000
cache size	: 4096 KB
physical id	: 2
siblings	: 1
core id		: 0
cpu cores	: 1
apicid		: 2
initial apicid	: 2
fpu		: yes
fpu_exception	: yes
cpuid level	: 13
wp		: yes
flags		: fpu vme de pse tsc msr pae mce cx8 apic sep mtrr pge mca cmov pat pse36 clflush mmx fxsr sse sse2 ss syscall nx pdpe1gb rdtscp lm constant_tsc arch_perfmon nopl xtopology tsc_reliable nonstop_tsc cpuid pni pclmulqdq ssse3 fma cx16 pcid sse4_1 sse4_2 x2apic movbe popcnt tsc_deadline_timer aes xsave avx f16c rdrand hypervisor lahf_lm abm cpuid_fault invpcid_single pti fsgsbase tsc_adjust bmi1 avx2 smep bmi2 invpcid xsaveopt arat
bugs		: cpu_meltdown spectre_v1 spectre_v2 spec_store_bypass l1tf
bogomips	: 5202.00
clflush size	: 64
cache_alignment	: 64
address sizes	: 43 bits physical, 48 bits virtual
power management:

processor	: 2
vendor_id	: GenuineIntel
cpu family	: 6
model		: 69
model name	: Intel(R) Core(TM) i7-4510U CPU @ 2.00GHz
stepping	: 1
microcode	: 0x20
cpu MHz		: 2601.000
cache size	: 4096 KB
physical id	: 4
siblings	: 1
core id		: 0
cpu cores	: 1
apicid		: 4
initial apicid	: 4
fpu		: yes
fpu_exception	: yes
cpuid level	: 13
wp		: yes
flags		: fpu vme de pse tsc msr pae mce cx8 apic sep mtrr pge mca cmov pat pse36 clflush mmx fxsr sse sse2 ss syscall nx pdpe1gb rdtscp lm constant_tsc arch_perfmon nopl xtopology tsc_reliable nonstop_tsc cpuid pni pclmulqdq ssse3 fma cx16 pcid sse4_1 sse4_2 x2apic movbe popcnt tsc_deadline_timer aes xsave avx f16c rdrand hypervisor lahf_lm abm cpuid_fault invpcid_single pti fsgsbase tsc_adjust bmi1 avx2 smep bmi2 invpcid xsaveopt arat
bugs		: cpu_meltdown spectre_v1 spectre_v2 spec_store_bypass l1tf
bogomips	: 5202.00
clflush size	: 64
cache_alignment	: 64
address sizes	: 43 bits physical, 48 bits virtual
power management:

processor	: 3
vendor_id	: GenuineIntel
cpu family	: 6
model		: 69
model name	: Intel(R) Core(TM) i7-4510U CPU @ 2.00GHz
stepping	: 1
microcode	: 0x20
cpu MHz		: 2601.000
cache size	: 4096 KB
physical id	: 6
siblings	: 1
core id		: 0
cpu cores	: 1
apicid		: 6
initial apicid	: 6
fpu		: yes
fpu_exception	: yes
cpuid level	: 13
wp		: yes
flags		: fpu vme de pse tsc msr pae mce cx8 apic sep mtrr pge mca cmov pat pse36 clflush mmx fxsr sse sse2 ss syscall nx pdpe1gb rdtscp lm constant_tsc arch_perfmon nopl xtopology tsc_reliable nonstop_tsc cpuid pni pclmulqdq ssse3 fma cx16 pcid sse4_1 sse4_2 x2apic movbe popcnt tsc_deadline_timer aes xsave avx f16c rdrand hypervisor lahf_lm abm cpuid_fault invpcid_single pti fsgsbase tsc_adjust bmi1 avx2 smep bmi2 invpcid xsaveopt arat
bugs		: cpu_meltdown spectre_v1 spectre_v2 spec_store_bypass l1tf
bogomips	: 5202.00
clflush size	: 64
cache_alignment	: 64
address sizes	: 43 bits physical, 48 bits virtual
power management:



Memory: 4k page, physical 6595972k(109332k free), swap 969960k(8k free)

vm_info: Java HotSpot(TM) 64-Bit Server VM (25.201-b09) for linux-amd64 JRE (1.8.0_201-b09), built on Dec 15 2018 11:35:59 by "java_re" with gcc 7.3.0

time: Thu Apr 18 16:51:17 2019
timezone: PDT
elapsed time: 4 seconds (0d 0h 0m 4s)

