#
# There is insufficient memory for the Java Runtime Environment to continue.
# Native memory allocation (mmap) failed to map 109051904 bytes for committing reserved memory.
# Possible reasons:
#   The system is out of physical RAM or swap space
#   The process is running with CompressedOops enabled, and the Java Heap may be blocking the growth of the native heap
# Possible solutions:
#   Reduce memory load on the system
#   Increase physical memory or swap space
#   Check if swap backing store is full
#   Decrease Java heap size (-Xmx/-Xms)
#   Decrease number of Java threads
#   Decrease Java thread stack sizes (-Xss)
#   Set larger code cache with -XX:ReservedCodeCacheSize=
#   JVM is running with Unscaled Compressed Oops mode in which the Java heap is
#     placed in the first 4GB address space. The Java Heap base address is the
#     maximum limit for the native heap growth. Please use -XX:HeapBaseMinAddress
#     to set the Java Heap base and to place the Java Heap above 4GB virtual address.
# This output file may be truncated or incomplete.
#
#  Out of Memory Error (os_linux.cpp:2749), pid=5801, tid=0x00007f1fa4757700
#
# JRE version: Java(TM) SE Runtime Environment (8.0_201-b09) (build 1.8.0_201-b09)
# Java VM: Java HotSpot(TM) 64-Bit Server VM (25.201-b09 mixed mode linux-amd64 compressed oops)
# Failed to write core dump. Core dumps have been disabled. To enable core dumping, try "ulimit -c unlimited" before starting Java again
#

---------------  T H R E A D  ---------------

Current thread (0x00007f1fbc078000):  VMThread [stack: 0x00007f1fa4658000,0x00007f1fa4758000] [id=5813]

Stack: [0x00007f1fa4658000,0x00007f1fa4758000],  sp=0x00007f1fa47563f0,  free space=1016k
Native frames: (J=compiled Java code, j=interpreted, Vv=VM code, C=native code)
V  [libjvm.so+0xad3525]  VMError::report_and_die()+0x2e5
V  [libjvm.so+0x4e0457]  report_vm_out_of_memory(char const*, int, unsigned long, VMErrorType, char const*)+0x67
V  [libjvm.so+0x9102f0]  os::pd_commit_memory(char*, unsigned long, unsigned long, bool)+0x100
V  [libjvm.so+0x90791f]  os::commit_memory(char*, unsigned long, unsigned long, bool)+0x1f
V  [libjvm.so+0x98c806]  PSVirtualSpace::expand_by(unsigned long)+0x56
V  [libjvm.so+0x98da98]  PSYoungGen::resize(unsigned long, unsigned long)+0xd8
V  [libjvm.so+0x98a236]  PSScavenge::invoke_no_policy()+0x1376
V  [libjvm.so+0x98a5cc]  PSScavenge::invoke()+0x4c
V  [libjvm.so+0x93a318]  ParallelScavengeHeap::failed_mem_allocate(unsigned long)+0x68
V  [libjvm.so+0xad5073]  VM_ParallelGCFailedAllocation::doit()+0x93
V  [libjvm.so+0xada296]  VM_Operation::evaluate()+0x46
V  [libjvm.so+0xad85cd]  VMThread::evaluate_operation(VM_Operation*) [clone .constprop.44]+0xcd
V  [libjvm.so+0xad8bb3]  VMThread::loop()+0x3a3
V  [libjvm.so+0xad8f88]  VMThread::run()+0x78
V  [libjvm.so+0x90d922]  java_start(Thread*)+0x102

VM_Operation (0x00007f1fc116d690): ParallelGCFailedAllocation, mode: safepoint, requested by thread 0x00007f1fbc00a800


---------------  P R O C E S S  ---------------

Java Threads: ( => current thread )
  0x00007f1f64003800 JavaThread "AWT-EventQueue-0" [_thread_in_native, id=5826, stack(0x00007f1f9c4d3000,0x00007f1f9c5d4000)]
  0x00007f1f64002000 JavaThread "AWT-Shutdown" [_thread_blocked, id=5825, stack(0x00007f1f9c5d4000,0x00007f1f9c6d5000)]
  0x00007f1fbc23c800 JavaThread "TimerQueue" daemon [_thread_blocked, id=5824, stack(0x00007f1f9c6d5000,0x00007f1f9c7d6000)]
  0x00007f1fbc1e9800 JavaThread "AWT-XAWT" daemon [_thread_blocked, id=5823, stack(0x00007f1f9c7d6000,0x00007f1f9c8d7000)]
  0x00007f1fbc1c3000 JavaThread "Java2D Disposer" daemon [_thread_blocked, id=5822, stack(0x00007f1f9cce7000,0x00007f1f9cde8000)]
  0x00007f1fbc0da800 JavaThread "Service Thread" daemon [_thread_blocked, id=5820, stack(0x00007f1f9e5fe000,0x00007f1f9e6ff000)]
  0x00007f1fbc0bd800 JavaThread "C1 CompilerThread2" daemon [_thread_blocked, id=5819, stack(0x00007f1fa4052000,0x00007f1fa4152000)]
  0x00007f1fbc0bb800 JavaThread "C2 CompilerThread1" daemon [_thread_blocked, id=5818, stack(0x00007f1fa4153000,0x00007f1fa4253000)]
  0x00007f1fbc0b9000 JavaThread "C2 CompilerThread0" daemon [_thread_blocked, id=5817, stack(0x00007f1fa4254000,0x00007f1fa4354000)]
  0x00007f1fbc0b7800 JavaThread "Signal Dispatcher" daemon [_thread_blocked, id=5816, stack(0x00007f1fa4354000,0x00007f1fa4455000)]
  0x00007f1fbc084000 JavaThread "Finalizer" daemon [_thread_blocked, id=5815, stack(0x00007f1fa4455000,0x00007f1fa4556000)]
  0x00007f1fbc081800 JavaThread "Reference Handler" daemon [_thread_blocked, id=5814, stack(0x00007f1fa4556000,0x00007f1fa4657000)]
  0x00007f1fbc00a800 JavaThread "main" [_thread_blocked, id=5808, stack(0x00007f1fc106f000,0x00007f1fc116f000)]

Other Threads:
=>0x00007f1fbc078000 VMThread [stack: 0x00007f1fa4658000,0x00007f1fa4758000] [id=5813]
  0x00007f1fbc0dd800 WatcherThread [stack: 0x00007f1f9e4fe000,0x00007f1f9e5fe000] [id=5821]

VM state:at safepoint (normal execution)

VM Mutex/Monitor currently owned by a thread:  ([mutex/lock_event])
[0x00007f1fbc007a60] Threads_lock - owner thread: 0x00007f1fbc078000
[0x00007f1fbc007f60] Heap_lock - owner thread: 0x00007f1fbc00a800

heap address: 0x000000009b400000, size: 1612 MB, Compressed Oops mode: 32-bit
Narrow klass base: 0x0000000000000000, Narrow klass shift: 3
Compressed class space size: 1073741824 Address: 0x0000000100000000

Heap:
 PSYoungGen      total 108544K, used 256K [0x00000000de700000, 0x00000000e5300000, 0x0000000100000000)
  eden space 106496K, 0% used [0x00000000de700000,0x00000000de700000,0x00000000e4f00000)
  from space 2048K, 12% used [0x00000000e4f00000,0x00000000e4f40000,0x00000000e5100000)
  to   space 2048K, 0% used [0x00000000e5100000,0x00000000e5100000,0x00000000e5300000)
 ParOldGen       total 95744K, used 78137K [0x000000009b400000, 0x00000000a1180000, 0x00000000de700000)
  object space 95744K, 81% used [0x000000009b400000,0x00000000a004e598,0x00000000a1180000)
 Metaspace       used 10425K, capacity 10598K, committed 10752K, reserved 1058816K
  class space    used 1177K, capacity 1251K, committed 1280K, reserved 1048576K

Card table byte_map: [0x00007f1fc02fb000,0x00007f1fc0622000] byte_map_base: 0x00007f1fbfe21000

Marking Bits: (ParMarkBitMap*) 0x00007f1fc22c7d80
 Begin Bits: [0x00007f1fa4da0000, 0x00007f1fa66d0000)
 End Bits:   [0x00007f1fa66d0000, 0x00007f1fa8000000)

Polling page: 0x00007f1fc2724000

CodeCache: size=245760Kb used=3113Kb max_used=3113Kb free=242646Kb
 bounds [0x00007f1fad000000, 0x00007f1fad310000, 0x00007f1fbc000000]
 total_blobs=1307 nmethods=792 adapters=429
 compilation: enabled

Compilation events (10 events):
Event: 7.380 Thread 0x00007f1fbc0bd800 nmethod 790 0x00007f1fad309250 code [0x00007f1fad3093e0, 0x00007f1fad309748]
Event: 7.380 Thread 0x00007f1fbc0bd800  791       3       javax.swing.TimerQueue$DelayedTimer::setTime (6 bytes)
Event: 7.380 Thread 0x00007f1fbc0bd800 nmethod 791 0x00007f1fad30aa10 code [0x00007f1fad30ab60, 0x00007f1fad30acd0]
Event: 7.380 Thread 0x00007f1fbc0bb800 nmethod 785% 0x00007f1fad30ad50 code [0x00007f1fad30af40, 0x00007f1fad30b460]
Event: 7.382 Thread 0x00007f1fbc0bd800  792       1       java.awt.Component::getPeer (5 bytes)
Event: 7.382 Thread 0x00007f1fbc0bd800 nmethod 792 0x00007f1fad30a750 code [0x00007f1fad30a8a0, 0x00007f1fad30a9b0]
Event: 7.384 Thread 0x00007f1fbc0bd800  793       3       java.lang.Class::reflectionData (49 bytes)
Event: 7.385 Thread 0x00007f1fbc0bd800 nmethod 793 0x00007f1fad309f50 code [0x00007f1fad30a0e0, 0x00007f1fad30a5e8]
Event: 7.386 Thread 0x00007f1fbc0bd800  794  s    3       java.awt.Toolkit::getDefaultToolkit (24 bytes)
Event: 7.392 Thread 0x00007f1fbc0bd800 nmethod 794 0x00007f1fad30bb10 code [0x00007f1fad30bca0, 0x00007f1fad30c0f8]

GC Heap History (10 events):
Event: 5.866 GC heap after
Heap after GC invocations=2 (full 0):
 PSYoungGen      total 30720K, used 1440K [0x00000000de700000, 0x00000000e2300000, 0x0000000100000000)
  eden space 26624K, 0% used [0x00000000de700000,0x00000000de700000,0x00000000e0100000)
  from space 4096K, 35% used [0x00000000e0500000,0x00000000e0668000,0x00000000e0900000)
  to   space 4096K, 0% used [0x00000000e0100000,0x00000000e0100000,0x00000000e0500000)
 ParOldGen       total 95744K, used 76816K [0x000000009b400000, 0x00000000a1180000, 0x00000000de700000)
  object space 95744K, 80% used [0x000000009b400000,0x000000009ff04030,0x00000000a1180000)
 Metaspace       used 9352K, capacity 9510K, committed 9600K, reserved 1058816K
  class space    used 1054K, capacity 1123K, committed 1152K, reserved 1048576K
}
Event: 5.993 GC heap before
{Heap before GC invocations=3 (full 0):
 PSYoungGen      total 30720K, used 28064K [0x00000000de700000, 0x00000000e2300000, 0x0000000100000000)
  eden space 26624K, 100% used [0x00000000de700000,0x00000000e0100000,0x00000000e0100000)
  from space 4096K, 35% used [0x00000000e0500000,0x00000000e0668000,0x00000000e0900000)
  to   space 4096K, 0% used [0x00000000e0100000,0x00000000e0100000,0x00000000e0500000)
 ParOldGen       total 95744K, used 76816K [0x000000009b400000, 0x00000000a1180000, 0x00000000de700000)
  object space 95744K, 80% used [0x000000009b400000,0x000000009ff04030,0x00000000a1180000)
 Metaspace       used 9697K, capacity 9862K, committed 10240K, reserved 1058816K
  class space    used 1090K, capacity 1155K, committed 1280K, reserved 1048576K
Event: 6.015 GC heap after
Heap after GC invocations=3 (full 0):
 PSYoungGen      total 30720K, used 1506K [0x00000000de700000, 0x00000000e2300000, 0x0000000100000000)
  eden space 26624K, 0% used [0x00000000de700000,0x00000000de700000,0x00000000e0100000)
  from space 4096K, 36% used [0x00000000e0100000,0x00000000e0278830,0x00000000e0500000)
  to   space 4096K, 0% used [0x00000000e1f00000,0x00000000e1f00000,0x00000000e2300000)
 ParOldGen       total 95744K, used 76824K [0x000000009b400000, 0x00000000a1180000, 0x00000000de700000)
  object space 95744K, 80% used [0x000000009b400000,0x000000009ff06030,0x00000000a1180000)
 Metaspace       used 9697K, capacity 9862K, committed 10240K, reserved 1058816K
  class space    used 1090K, capacity 1155K, committed 1280K, reserved 1048576K
}
Event: 6.145 GC heap before
{Heap before GC invocations=4 (full 0):
 PSYoungGen      total 30720K, used 28130K [0x00000000de700000, 0x00000000e2300000, 0x0000000100000000)
  eden space 26624K, 100% used [0x00000000de700000,0x00000000e0100000,0x00000000e0100000)
  from space 4096K, 36% used [0x00000000e0100000,0x00000000e0278830,0x00000000e0500000)
  to   space 4096K, 0% used [0x00000000e1f00000,0x00000000e1f00000,0x00000000e2300000)
 ParOldGen       total 95744K, used 76824K [0x000000009b400000, 0x00000000a1180000, 0x00000000de700000)
  object space 95744K, 80% used [0x000000009b400000,0x000000009ff06030,0x00000000a1180000)
 Metaspace       used 9810K, capacity 10022K, committed 10240K, reserved 1058816K
  class space    used 1099K, capacity 1187K, committed 1280K, reserved 1048576K
Event: 6.192 GC heap after
Heap after GC invocations=4 (full 0):
 PSYoungGen      total 57344K, used 1508K [0x00000000de700000, 0x00000000e2300000, 0x0000000100000000)
  eden space 53248K, 0% used [0x00000000de700000,0x00000000de700000,0x00000000e1b00000)
  from space 4096K, 36% used [0x00000000e1f00000,0x00000000e2079040,0x00000000e2300000)
  to   space 4096K, 0% used [0x00000000e1b00000,0x00000000e1b00000,0x00000000e1f00000)
 ParOldGen       total 95744K, used 76832K [0x000000009b400000, 0x00000000a1180000, 0x00000000de700000)
  object space 95744K, 80% used [0x000000009b400000,0x000000009ff08030,0x00000000a1180000)
 Metaspace       used 9810K, capacity 10022K, committed 10240K, reserved 1058816K
  class space    used 1099K, capacity 1187K, committed 1280K, reserved 1048576K
}
Event: 6.914 GC heap before
{Heap before GC invocations=5 (full 0):
 PSYoungGen      total 57344K, used 54756K [0x00000000de700000, 0x00000000e2300000, 0x0000000100000000)
  eden space 53248K, 100% used [0x00000000de700000,0x00000000e1b00000,0x00000000e1b00000)
  from space 4096K, 36% used [0x00000000e1f00000,0x00000000e2079040,0x00000000e2300000)
  to   space 4096K, 0% used [0x00000000e1b00000,0x00000000e1b00000,0x00000000e1f00000)
 ParOldGen       total 95744K, used 76832K [0x000000009b400000, 0x00000000a1180000, 0x00000000de700000)
  object space 95744K, 80% used [0x000000009b400000,0x000000009ff08030,0x00000000a1180000)
 Metaspace       used 9941K, capacity 10086K, committed 10240K, reserved 1058816K
  class space    used 1114K, capacity 1187K, committed 1280K, reserved 1048576K
Event: 6.925 GC heap after
Heap after GC invocations=5 (full 0):
 PSYoungGen      total 57344K, used 1586K [0x00000000de700000, 0x00000000e5300000, 0x0000000100000000)
  eden space 53248K, 0% used [0x00000000de700000,0x00000000de700000,0x00000000e1b00000)
  from space 4096K, 38% used [0x00000000e1b00000,0x00000000e1c8c820,0x00000000e1f00000)
  to   space 2048K, 0% used [0x00000000e5100000,0x00000000e5100000,0x00000000e5300000)
 ParOldGen       total 95744K, used 76840K [0x000000009b400000, 0x00000000a1180000, 0x00000000de700000)
  object space 95744K, 80% used [0x000000009b400000,0x000000009ff0a030,0x00000000a1180000)
 Metaspace       used 9941K, capacity 10086K, committed 10240K, reserved 1058816K
  class space    used 1114K, capacity 1187K, committed 1280K, reserved 1048576K
}
Event: 7.086 GC heap before
{Heap before GC invocations=6 (full 0):
 PSYoungGen      total 57344K, used 54834K [0x00000000de700000, 0x00000000e5300000, 0x0000000100000000)
  eden space 53248K, 100% used [0x00000000de700000,0x00000000e1b00000,0x00000000e1b00000)
  from space 4096K, 38% used [0x00000000e1b00000,0x00000000e1c8c820,0x00000000e1f00000)
  to   space 2048K, 0% used [0x00000000e5100000,0x00000000e5100000,0x00000000e5300000)
 ParOldGen       total 95744K, used 76840K [0x000000009b400000, 0x00000000a1180000, 0x00000000de700000)
  object space 95744K, 80% used [0x000000009b400000,0x000000009ff0a030,0x00000000a1180000)
 Metaspace       used 10226K, capacity 10374K, committed 10496K, reserved 1058816K
  class space    used 1153K, capacity 1219K, committed 1280K, reserved 1048576K
Event: 7.090 GC heap after
Heap after GC invocations=6 (full 0):
 PSYoungGen      total 108544K, used 1618K [0x00000000de700000, 0x00000000e5300000, 0x0000000100000000)
  eden space 106496K, 0% used [0x00000000de700000,0x00000000de700000,0x00000000e4f00000)
  from space 2048K, 79% used [0x00000000e5100000,0x00000000e5294820,0x00000000e5300000)
  to   space 2048K, 0% used [0x00000000e4f00000,0x00000000e4f00000,0x00000000e5100000)
 ParOldGen       total 95744K, used 76848K [0x000000009b400000, 0x00000000a1180000, 0x00000000de700000)
  object space 95744K, 80% used [0x000000009b400000,0x000000009ff0c030,0x00000000a1180000)
 Metaspace       used 10226K, capacity 10374K, committed 10496K, reserved 1058816K
  class space    used 1153K, capacity 1219K, committed 1280K, reserved 1048576K
}
Event: 8.111 GC heap before
{Heap before GC invocations=7 (full 0):
 PSYoungGen      total 108544K, used 108114K [0x00000000de700000, 0x00000000e5300000, 0x0000000100000000)
  eden space 106496K, 100% used [0x00000000de700000,0x00000000e4f00000,0x00000000e4f00000)
  from space 2048K, 79% used [0x00000000e5100000,0x00000000e5294820,0x00000000e5300000)
  to   space 2048K, 0% used [0x00000000e4f00000,0x00000000e4f00000,0x00000000e5100000)
 ParOldGen       total 95744K, used 76848K [0x000000009b400000, 0x00000000a1180000, 0x00000000de700000)
  object space 95744K, 80% used [0x000000009b400000,0x000000009ff0c030,0x00000000a1180000)
 Metaspace       used 10425K, capacity 10598K, committed 10752K, reserved 1058816K
  class space    used 1177K, capacity 1251K, committed 1280K, reserved 1048576K

Deoptimization events (10 events):
Event: 5.674 Thread 0x00007f1fbc00a800 Uncommon trap: reason=array_check action=maybe_recompile pc=0x00007f1fad28f62c method=javax.swing.ArrayTable.getKeys([Ljava/lang/Object;)[Ljava/lang/Object; @ 58
Event: 5.674 Thread 0x00007f1fbc00a800 Uncommon trap: reason=array_check action=maybe_recompile pc=0x00007f1fad28f62c method=javax.swing.ArrayTable.getKeys([Ljava/lang/Object;)[Ljava/lang/Object; @ 58
Event: 5.674 Thread 0x00007f1fbc00a800 Uncommon trap: reason=array_check action=maybe_recompile pc=0x00007f1fad28f62c method=javax.swing.ArrayTable.getKeys([Ljava/lang/Object;)[Ljava/lang/Object; @ 58
Event: 5.674 Thread 0x00007f1fbc00a800 Uncommon trap: reason=array_check action=maybe_recompile pc=0x00007f1fad28f62c method=javax.swing.ArrayTable.getKeys([Ljava/lang/Object;)[Ljava/lang/Object; @ 58
Event: 5.751 Thread 0x00007f1fbc1c3000 Uncommon trap: reason=class_check action=maybe_recompile pc=0x00007f1fad28c6f0 method=java.util.Hashtable.remove(Ljava/lang/Object;)Ljava/lang/Object; @ 6
Event: 5.751 Thread 0x00007f1fbc1c3000 Uncommon trap: reason=class_check action=maybe_recompile pc=0x00007f1fad28c6f0 method=java.util.Hashtable.remove(Ljava/lang/Object;)Ljava/lang/Object; @ 6
Event: 5.751 Thread 0x00007f1fbc1c3000 Uncommon trap: reason=class_check action=maybe_recompile pc=0x00007f1fad28c6f0 method=java.util.Hashtable.remove(Ljava/lang/Object;)Ljava/lang/Object; @ 6
Event: 5.751 Thread 0x00007f1fbc1c3000 Uncommon trap: reason=class_check action=maybe_recompile pc=0x00007f1fad28c6f0 method=java.util.Hashtable.remove(Ljava/lang/Object;)Ljava/lang/Object; @ 6
Event: 6.388 Thread 0x00007f1f64003800 Uncommon trap: reason=unstable_if action=reinterpret pc=0x00007f1fad21a49c method=java.io.BufferedInputStream.read1([BII)I @ 13
Event: 6.389 Thread 0x00007f1f64003800 Uncommon trap: reason=unstable_if action=reinterpret pc=0x00007f1fad219d6c method=java.io.BufferedInputStream.read1([BII)I @ 13

Classes redefined (0 events):
No events

Internal exceptions (10 events):
Event: 0.704 Thread 0x00007f1fbc00a800 Exception <a 'java/lang/NoSuchMethodError': Method sun.misc.Unsafe.prefetchRead(Ljava/lang/Object;J)V name or signature does not match> (0x00000000de707f98) thrown at [/HUDSON/workspace/8-2-build-linux-amd64/jdk8u201/12317/hotspot/src/share/vm/prims/jni.c
Event: 1.209 Thread 0x00007f1fbc00a800 Exception <a 'java/security/PrivilegedActionException'> (0x00000000de775de0) thrown at [/HUDSON/workspace/8-2-build-linux-amd64/jdk8u201/12317/hotspot/src/share/vm/prims/jvm.cpp, line 1502]
Event: 1.209 Thread 0x00007f1fbc00a800 Exception <a 'java/security/PrivilegedActionException'> (0x00000000de775ff0) thrown at [/HUDSON/workspace/8-2-build-linux-amd64/jdk8u201/12317/hotspot/src/share/vm/prims/jvm.cpp, line 1502]
Event: 1.210 Thread 0x00007f1fbc00a800 Exception <a 'java/security/PrivilegedActionException'> (0x00000000de778458) thrown at [/HUDSON/workspace/8-2-build-linux-amd64/jdk8u201/12317/hotspot/src/share/vm/prims/jvm.cpp, line 1502]
Event: 1.210 Thread 0x00007f1fbc00a800 Exception <a 'java/security/PrivilegedActionException'> (0x00000000de778668) thrown at [/HUDSON/workspace/8-2-build-linux-amd64/jdk8u201/12317/hotspot/src/share/vm/prims/jvm.cpp, line 1502]
Event: 1.378 Thread 0x00007f1fbc00a800 Exception <a 'java/lang/NoSuchFieldError': method resolution failed> (0x00000000de8cca58) thrown at [/HUDSON/workspace/8-2-build-linux-amd64/jdk8u201/12317/hotspot/src/share/vm/prims/methodHandles.cpp, line 1167]
Event: 1.421 Thread 0x00007f1fbc00a800 Exception <a 'java/lang/NoSuchFieldError': method resolution failed> (0x00000000de8da258) thrown at [/HUDSON/workspace/8-2-build-linux-amd64/jdk8u201/12317/hotspot/src/share/vm/prims/methodHandles.cpp, line 1167]
Event: 1.557 Thread 0x00007f1fbc00a800 Exception <a 'java/io/FileNotFoundException'> (0x00000000de9584e0) thrown at [/HUDSON/workspace/8-2-build-linux-amd64/jdk8u201/12317/hotspot/src/share/vm/prims/jni.cpp, line 709]
Event: 1.557 Thread 0x00007f1fbc00a800 Exception <a 'java/io/FileNotFoundException'> (0x00000000de958ec8) thrown at [/HUDSON/workspace/8-2-build-linux-amd64/jdk8u201/12317/hotspot/src/share/vm/prims/jni.cpp, line 709]
Event: 2.004 Thread 0x00007f1fbc00a800 Implicit null exception at 0x00007f1fad167362 to 0x00007f1fad16751d

Events (10 events):
Event: 7.384 loading class java/awt/KeyboardFocusManager$LightweightFocusRequest done
Event: 7.384 loading class sun/awt/CausedFocusEvent
Event: 7.384 loading class sun/awt/CausedFocusEvent done
Event: 7.385 loading class java/awt/KeyboardFocusManager$3
Event: 7.385 loading class java/awt/KeyboardFocusManager$3 done
Event: 7.385 loading class sun/awt/im/InputMethodWindow
Event: 7.385 loading class sun/awt/im/InputMethodWindow done
Event: 7.425 Thread 0x00007f1fbc00a800 DEOPT PACKING pc=0x00007f1fad2f9cd4 sp=0x00007f1fc116d850
Event: 7.425 Thread 0x00007f1fbc00a800 DEOPT UNPACKING pc=0x00007f1fad047784 sp=0x00007f1fc116d690 mode 0
Event: 8.111 Executing VM operation: ParallelGCFailedAllocation


Dynamic libraries:
00400000-00401000 r-xp 00000000 08:01 267615                             /usr/lib/jvm/java-8-oracle/bin/java
00600000-00601000 r--p 00000000 08:01 267615                             /usr/lib/jvm/java-8-oracle/bin/java
00601000-00602000 rw-p 00001000 08:01 267615                             /usr/lib/jvm/java-8-oracle/bin/java
01aa3000-01ac4000 rw-p 00000000 00:00 0                                  [heap]
9b400000-a1180000 rw-p 00000000 00:00 0 
a1180000-de700000 ---p 00000000 00:00 0 
de700000-e5300000 rw-p 00000000 00:00 0 
ebb00000-100000000 ---p 00000000 00:00 0 
100000000-100140000 rw-p 00000000 00:00 0 
100140000-140000000 ---p 00000000 00:00 0 
7f1f58000000-7f1f58021000 rw-p 00000000 00:00 0 
7f1f58021000-7f1f5c000000 ---p 00000000 00:00 0 
7f1f5c000000-7f1f5c43a000 rw-p 00000000 00:00 0 
7f1f5c43a000-7f1f60000000 ---p 00000000 00:00 0 
7f1f60000000-7f1f60021000 rw-p 00000000 00:00 0 
7f1f60021000-7f1f64000000 ---p 00000000 00:00 0 
7f1f64000000-7f1f64021000 rw-p 00000000 00:00 0 
7f1f64021000-7f1f68000000 ---p 00000000 00:00 0 
7f1f68000000-7f1f68021000 rw-p 00000000 00:00 0 
7f1f68021000-7f1f6c000000 ---p 00000000 00:00 0 
7f1f6c000000-7f1f6c021000 rw-p 00000000 00:00 0 
7f1f6c021000-7f1f70000000 ---p 00000000 00:00 0 
7f1f70000000-7f1f701fa000 rw-p 00000000 00:00 0 
7f1f701fa000-7f1f74000000 ---p 00000000 00:00 0 
7f1f74000000-7f1f74021000 rw-p 00000000 00:00 0 
7f1f74021000-7f1f78000000 ---p 00000000 00:00 0 
7f1f78000000-7f1f78787000 rw-p 00000000 00:00 0 
7f1f78787000-7f1f7c000000 ---p 00000000 00:00 0 
7f1f7c000000-7f1f7c8df000 rw-p 00000000 00:00 0 
7f1f7c8df000-7f1f80000000 ---p 00000000 00:00 0 
7f1f80000000-7f1f80021000 rw-p 00000000 00:00 0 
7f1f80021000-7f1f84000000 ---p 00000000 00:00 0 
7f1f84000000-7f1f84021000 rw-p 00000000 00:00 0 
7f1f84021000-7f1f88000000 ---p 00000000 00:00 0 
7f1f88000000-7f1f8829b000 rw-p 00000000 00:00 0 
7f1f8829b000-7f1f8c000000 ---p 00000000 00:00 0 
7f1f8c000000-7f1f8c021000 rw-p 00000000 00:00 0 
7f1f8c021000-7f1f90000000 ---p 00000000 00:00 0 
7f1f90000000-7f1f90021000 rw-p 00000000 00:00 0 
7f1f90021000-7f1f94000000 ---p 00000000 00:00 0 
7f1f97b7b000-7f1f97be7000 r-xp 00000000 08:01 283077                     /usr/lib/jvm/java-8-oracle/jre/lib/amd64/libt2k.so
7f1f97be7000-7f1f97de7000 ---p 0006c000 08:01 283077                     /usr/lib/jvm/java-8-oracle/jre/lib/amd64/libt2k.so
7f1f97de7000-7f1f97ded000 r--p 0006c000 08:01 283077                     /usr/lib/jvm/java-8-oracle/jre/lib/amd64/libt2k.so
7f1f97ded000-7f1f97dee000 rw-p 00072000 08:01 283077                     /usr/lib/jvm/java-8-oracle/jre/lib/amd64/libt2k.so
7f1f97dee000-7f1f97dff000 r-xp 00000000 08:01 283118                     /usr/lib/jvm/java-8-oracle/jre/lib/amd64/libnio.so
7f1f97dff000-7f1f97ffe000 ---p 00011000 08:01 283118                     /usr/lib/jvm/java-8-oracle/jre/lib/amd64/libnio.so
7f1f97ffe000-7f1f97fff000 r--p 00010000 08:01 283118                     /usr/lib/jvm/java-8-oracle/jre/lib/amd64/libnio.so
7f1f97fff000-7f1f98000000 rw-p 00011000 08:01 283118                     /usr/lib/jvm/java-8-oracle/jre/lib/amd64/libnio.so
7f1f98000000-7f1f98021000 rw-p 00000000 00:00 0 
7f1f98021000-7f1f9c000000 ---p 00000000 00:00 0 
7f1f9c0bb000-7f1f9c0d1000 r-xp 00000000 08:01 283115                     /usr/lib/jvm/java-8-oracle/jre/lib/amd64/libnet.so
7f1f9c0d1000-7f1f9c2d1000 ---p 00016000 08:01 283115                     /usr/lib/jvm/java-8-oracle/jre/lib/amd64/libnet.so
7f1f9c2d1000-7f1f9c2d2000 r--p 00016000 08:01 283115                     /usr/lib/jvm/java-8-oracle/jre/lib/amd64/libnet.so
7f1f9c2d2000-7f1f9c2d3000 rw-p 00017000 08:01 283115                     /usr/lib/jvm/java-8-oracle/jre/lib/amd64/libnet.so
7f1f9c2d3000-7f1f9c413000 rw-p 00000000 00:00 0 
7f1f9c413000-7f1f9c4d3000 ---p 00000000 00:00 0 
7f1f9c4d3000-7f1f9c4d6000 ---p 00000000 00:00 0 
7f1f9c4d6000-7f1f9c5d4000 rw-p 00000000 00:00 0 
7f1f9c5d4000-7f1f9c5d7000 ---p 00000000 00:00 0 
7f1f9c5d7000-7f1f9c6d5000 rw-p 00000000 00:00 0 
7f1f9c6d5000-7f1f9c6d8000 ---p 00000000 00:00 0 
7f1f9c6d8000-7f1f9c7d6000 rw-p 00000000 00:00 0 
7f1f9c7d6000-7f1f9c7d9000 ---p 00000000 00:00 0 
7f1f9c7d9000-7f1f9c8d7000 rw-p 00000000 00:00 0 
7f1f9c8d7000-7f1f9c8dc000 r-xp 00000000 08:01 269683                     /usr/lib/x86_64-linux-gnu/libXfixes.so.3.1.0
7f1f9c8dc000-7f1f9cadb000 ---p 00005000 08:01 269683                     /usr/lib/x86_64-linux-gnu/libXfixes.so.3.1.0
7f1f9cadb000-7f1f9cadc000 r--p 00004000 08:01 269683                     /usr/lib/x86_64-linux-gnu/libXfixes.so.3.1.0
7f1f9cadc000-7f1f9cadd000 rw-p 00005000 08:01 269683                     /usr/lib/x86_64-linux-gnu/libXfixes.so.3.1.0
7f1f9cadd000-7f1f9cae6000 r-xp 00000000 08:01 269675                     /usr/lib/x86_64-linux-gnu/libXcursor.so.1.0.2
7f1f9cae6000-7f1f9cce5000 ---p 00009000 08:01 269675                     /usr/lib/x86_64-linux-gnu/libXcursor.so.1.0.2
7f1f9cce5000-7f1f9cce6000 r--p 00008000 08:01 269675                     /usr/lib/x86_64-linux-gnu/libXcursor.so.1.0.2
7f1f9cce6000-7f1f9cce7000 rw-p 00009000 08:01 269675                     /usr/lib/x86_64-linux-gnu/libXcursor.so.1.0.2
7f1f9cce7000-7f1f9ccea000 ---p 00000000 00:00 0 
7f1f9ccea000-7f1f9cde8000 rw-p 00000000 00:00 0 
7f1f9cde8000-7f1f9ce45000 r-xp 00000000 08:01 283095                     /usr/lib/jvm/java-8-oracle/jre/lib/amd64/libfontmanager.so
7f1f9ce45000-7f1f9d045000 ---p 0005d000 08:01 283095                     /usr/lib/jvm/java-8-oracle/jre/lib/amd64/libfontmanager.so
7f1f9d045000-7f1f9d048000 r--p 0005d000 08:01 283095                     /usr/lib/jvm/java-8-oracle/jre/lib/amd64/libfontmanager.so
7f1f9d048000-7f1f9d049000 rw-p 00060000 08:01 283095                     /usr/lib/jvm/java-8-oracle/jre/lib/amd64/libfontmanager.so
7f1f9d049000-7f1f9d05e000 r-xp 00000000 08:01 1185741                    /lib/x86_64-linux-gnu/libbsd.so.0.9.1
7f1f9d05e000-7f1f9d25d000 ---p 00015000 08:01 1185741                    /lib/x86_64-linux-gnu/libbsd.so.0.9.1
7f1f9d25d000-7f1f9d25e000 r--p 00014000 08:01 1185741                    /lib/x86_64-linux-gnu/libbsd.so.0.9.1
7f1f9d25e000-7f1f9d25f000 rw-p 00015000 08:01 1185741                    /lib/x86_64-linux-gnu/libbsd.so.0.9.1
7f1f9d25f000-7f1f9d260000 rw-p 00000000 00:00 0 
7f1f9d260000-7f1f9d265000 r-xp 00000000 08:01 269679                     /usr/lib/x86_64-linux-gnu/libXdmcp.so.6.0.0
7f1f9d265000-7f1f9d464000 ---p 00005000 08:01 269679                     /usr/lib/x86_64-linux-gnu/libXdmcp.so.6.0.0
7f1f9d464000-7f1f9d465000 r--p 00004000 08:01 269679                     /usr/lib/x86_64-linux-gnu/libXdmcp.so.6.0.0
7f1f9d465000-7f1f9d466000 rw-p 00005000 08:01 269679                     /usr/lib/x86_64-linux-gnu/libXdmcp.so.6.0.0
7f1f9d466000-7f1f9d468000 r-xp 00000000 08:01 269668                     /usr/lib/x86_64-linux-gnu/libXau.so.6.0.0
7f1f9d468000-7f1f9d668000 ---p 00002000 08:01 269668                     /usr/lib/x86_64-linux-gnu/libXau.so.6.0.0
7f1f9d668000-7f1f9d669000 r--p 00002000 08:01 269668                     /usr/lib/x86_64-linux-gnu/libXau.so.6.0.0
7f1f9d669000-7f1f9d66a000 rw-p 00003000 08:01 269668                     /usr/lib/x86_64-linux-gnu/libXau.so.6.0.0
7f1f9d66a000-7f1f9d679000 r-xp 00000000 08:01 269689                     /usr/lib/x86_64-linux-gnu/libXi.so.6.1.0
7f1f9d679000-7f1f9d878000 ---p 0000f000 08:01 269689                     /usr/lib/x86_64-linux-gnu/libXi.so.6.1.0
7f1f9d878000-7f1f9d879000 r--p 0000e000 08:01 269689                     /usr/lib/x86_64-linux-gnu/libXi.so.6.1.0
7f1f9d879000-7f1f9d87a000 rw-p 0000f000 08:01 269689                     /usr/lib/x86_64-linux-gnu/libXi.so.6.1.0
7f1f9d87a000-7f1f9d87f000 r-xp 00000000 08:01 269707                     /usr/lib/x86_64-linux-gnu/libXtst.so.6.1.0
7f1f9d87f000-7f1f9da7e000 ---p 00005000 08:01 269707                     /usr/lib/x86_64-linux-gnu/libXtst.so.6.1.0
7f1f9da7e000-7f1f9da7f000 r--p 00004000 08:01 269707                     /usr/lib/x86_64-linux-gnu/libXtst.so.6.1.0
7f1f9da7f000-7f1f9da80000 rw-p 00005000 08:01 269707                     /usr/lib/x86_64-linux-gnu/libXtst.so.6.1.0
7f1f9da80000-7f1f9da89000 r-xp 00000000 08:01 269701                     /usr/lib/x86_64-linux-gnu/libXrender.so.1.3.0
7f1f9da89000-7f1f9dc88000 ---p 00009000 08:01 269701                     /usr/lib/x86_64-linux-gnu/libXrender.so.1.3.0
7f1f9dc88000-7f1f9dc89000 r--p 00008000 08:01 269701                     /usr/lib/x86_64-linux-gnu/libXrender.so.1.3.0
7f1f9dc89000-7f1f9dc8a000 rw-p 00009000 08:01 269701                     /usr/lib/x86_64-linux-gnu/libXrender.so.1.3.0
7f1f9dc8a000-7f1f9dca2000 r--p 00000000 08:01 269664                     /usr/lib/x86_64-linux-gnu/libX11.so.6.3.0
7f1f9dca2000-7f1f9dd2a000 r-xp 00018000 08:01 269664                     /usr/lib/x86_64-linux-gnu/libX11.so.6.3.0
7f1f9dd2a000-7f1f9ddbe000 r--p 000a0000 08:01 269664                     /usr/lib/x86_64-linux-gnu/libX11.so.6.3.0
7f1f9ddbe000-7f1f9ddbf000 ---p 00134000 08:01 269664                     /usr/lib/x86_64-linux-gnu/libX11.so.6.3.0
7f1f9ddbf000-7f1f9ddc0000 r--p 00134000 08:01 269664                     /usr/lib/x86_64-linux-gnu/libX11.so.6.3.0
7f1f9ddc0000-7f1f9ddc4000 rw-p 00135000 08:01 269664                     /usr/lib/x86_64-linux-gnu/libX11.so.6.3.0
7f1f9ddc4000-7f1f9ddd5000 r-xp 00000000 08:01 269681                     /usr/lib/x86_64-linux-gnu/libXext.so.6.4.0
7f1f9ddd5000-7f1f9dfd4000 ---p 00011000 08:01 269681                     /usr/lib/x86_64-linux-gnu/libXext.so.6.4.0
7f1f9dfd4000-7f1f9dfd5000 r--p 00010000 08:01 269681                     /usr/lib/x86_64-linux-gnu/libXext.so.6.4.0
7f1f9dfd5000-7f1f9dfd6000 rw-p 00011000 08:01 269681                     /usr/lib/x86_64-linux-gnu/libXext.so.6.4.0
7f1f9dfd6000-7f1f9e029000 r-xp 00000000 08:01 283122                     /usr/lib/jvm/java-8-oracle/jre/lib/amd64/libawt_xawt.so
7f1f9e029000-7f1f9e228000 ---p 00053000 08:01 283122                     /usr/lib/jvm/java-8-oracle/jre/lib/amd64/libawt_xawt.so
7f1f9e228000-7f1f9e229000 r--p 00052000 08:01 283122                     /usr/lib/jvm/java-8-oracle/jre/lib/amd64/libawt_xawt.so
7f1f9e229000-7f1f9e22c000 rw-p 00053000 08:01 283122                     /usr/lib/jvm/java-8-oracle/jre/lib/amd64/libawt_xawt.so
7f1f9e22c000-7f1f9e22d000 rw-p 00000000 00:00 0 
7f1f9e22d000-7f1f9e2cd000 r-xp 00000000 08:01 283108                     /usr/lib/jvm/java-8-oracle/jre/lib/amd64/libawt.so
7f1f9e2cd000-7f1f9e4cc000 ---p 000a0000 08:01 283108                     /usr/lib/jvm/java-8-oracle/jre/lib/amd64/libawt.so
7f1f9e4cc000-7f1f9e4cd000 r--p 0009f000 08:01 283108                     /usr/lib/jvm/java-8-oracle/jre/lib/amd64/libawt.so
7f1f9e4cd000-7f1f9e4d8000 rw-p 000a0000 08:01 283108                     /usr/lib/jvm/java-8-oracle/jre/lib/amd64/libawt.so
7f1f9e4d8000-7f1f9e4fd000 rw-p 00000000 00:00 0 
7f1f9e4fd000-7f1f9e4fe000 ---p 00000000 00:00 0 
7f1f9e4fe000-7f1f9e5fe000 rw-p 00000000 00:00 0 
7f1f9e5fe000-7f1f9e601000 ---p 00000000 00:00 0 
7f1f9e601000-7f1f9e6ff000 rw-p 00000000 00:00 0 
7f1f9e6ff000-7f1f9f4da000 r--p 00000000 08:01 268109                     /usr/lib/locale/locale-archive
7f1f9f4da000-7f1fa0000000 rw-p 00000000 00:00 0 
7f1fa0000000-7f1fa0021000 rw-p 00000000 00:00 0 
7f1fa0021000-7f1fa4000000 ---p 00000000 00:00 0 
7f1fa4028000-7f1fa4033000 r--p 00000000 08:01 270885                     /usr/lib/x86_64-linux-gnu/libxcb.so.1.1.0
7f1fa4033000-7f1fa4046000 r-xp 0000b000 08:01 270885                     /usr/lib/x86_64-linux-gnu/libxcb.so.1.1.0
7f1fa4046000-7f1fa404f000 r--p 0001e000 08:01 270885                     /usr/lib/x86_64-linux-gnu/libxcb.so.1.1.0
7f1fa404f000-7f1fa4050000 r--p 00026000 08:01 270885                     /usr/lib/x86_64-linux-gnu/libxcb.so.1.1.0
7f1fa4050000-7f1fa4051000 rw-p 00027000 08:01 270885                     /usr/lib/x86_64-linux-gnu/libxcb.so.1.1.0
7f1fa4051000-7f1fa4052000 ---p 00000000 00:00 0 
7f1fa4052000-7f1fa4055000 ---p 00000000 00:00 0 
7f1fa4055000-7f1fa4152000 rw-p 00000000 00:00 0 
7f1fa4152000-7f1fa4153000 ---p 00000000 00:00 0 
7f1fa4153000-7f1fa4156000 ---p 00000000 00:00 0 
7f1fa4156000-7f1fa4253000 rw-p 00000000 00:00 0 
7f1fa4253000-7f1fa4254000 ---p 00000000 00:00 0 
7f1fa4254000-7f1fa4257000 ---p 00000000 00:00 0 
7f1fa4257000-7f1fa4354000 rw-p 00000000 00:00 0 
7f1fa4354000-7f1fa4357000 ---p 00000000 00:00 0 
7f1fa4357000-7f1fa4455000 rw-p 00000000 00:00 0 
7f1fa4455000-7f1fa4458000 ---p 00000000 00:00 0 
7f1fa4458000-7f1fa4556000 rw-p 00000000 00:00 0 
7f1fa4556000-7f1fa4559000 ---p 00000000 00:00 0 
7f1fa4559000-7f1fa4657000 rw-p 00000000 00:00 0 
7f1fa4657000-7f1fa4658000 ---p 00000000 00:00 0 
7f1fa4658000-7f1fa8000000 rw-p 00000000 00:00 0 
7f1fa8000000-7f1fa8021000 rw-p 00000000 00:00 0 
7f1fa8021000-7f1fac000000 ---p 00000000 00:00 0 
7f1fac012000-7f1fac9ac000 rw-p 00000000 00:00 0 
7f1fac9ac000-7f1facb86000 r--s 03d6f000 08:01 282898                     /usr/lib/jvm/java-8-oracle/jre/lib/rt.jar
7f1facb86000-7f1facbfc000 rw-p 00000000 00:00 0 
7f1facbfc000-7f1facbfd000 ---p 00000000 00:00 0 
7f1facbfd000-7f1faccfd000 rw-p 00000000 00:00 0 
7f1faccfd000-7f1faccfe000 ---p 00000000 00:00 0 
7f1faccfe000-7f1facdfe000 rw-p 00000000 00:00 0 
7f1facdfe000-7f1facdff000 ---p 00000000 00:00 0 
7f1facdff000-7f1faceff000 rw-p 00000000 00:00 0 
7f1faceff000-7f1facf00000 ---p 00000000 00:00 0 
7f1facf00000-7f1fad000000 rw-p 00000000 00:00 0 
7f1fad000000-7f1fad310000 rwxp 00000000 00:00 0 
7f1fad310000-7f1fbc000000 ---p 00000000 00:00 0 
7f1fbc000000-7f1fbc4c3000 rw-p 00000000 00:00 0 
7f1fbc4c3000-7f1fc0000000 ---p 00000000 00:00 0 
7f1fc0003000-7f1fc0006000 r--p 00000000 08:01 1185780                    /lib/x86_64-linux-gnu/libgcc_s.so.1
7f1fc0006000-7f1fc0017000 r-xp 00003000 08:01 1185780                    /lib/x86_64-linux-gnu/libgcc_s.so.1
7f1fc0017000-7f1fc001a000 r--p 00014000 08:01 1185780                    /lib/x86_64-linux-gnu/libgcc_s.so.1
7f1fc001a000-7f1fc001b000 ---p 00017000 08:01 1185780                    /lib/x86_64-linux-gnu/libgcc_s.so.1
7f1fc001b000-7f1fc001c000 r--p 00017000 08:01 1185780                    /lib/x86_64-linux-gnu/libgcc_s.so.1
7f1fc001c000-7f1fc001d000 rw-p 00018000 08:01 1185780                    /lib/x86_64-linux-gnu/libgcc_s.so.1
7f1fc001d000-7f1fc0110000 rw-p 00000000 00:00 0 
7f1fc0110000-7f1fc02fb000 ---p 00000000 00:00 0 
7f1fc02fb000-7f1fc032a000 rw-p 00000000 00:00 0 
7f1fc032a000-7f1fc0514000 ---p 00000000 00:00 0 
7f1fc0514000-7f1fc054b000 rw-p 00000000 00:00 0 
7f1fc054b000-7f1fc0621000 ---p 00000000 00:00 0 
7f1fc0621000-7f1fc062f000 rw-p 00000000 00:00 0 
7f1fc062f000-7f1fc09e2000 ---p 00000000 00:00 0 
7f1fc09e2000-7f1fc09fd000 r-xp 00000000 08:01 283111                     /usr/lib/jvm/java-8-oracle/jre/lib/amd64/libzip.so
7f1fc09fd000-7f1fc0bfc000 ---p 0001b000 08:01 283111                     /usr/lib/jvm/java-8-oracle/jre/lib/amd64/libzip.so
7f1fc0bfc000-7f1fc0bfd000 r--p 0001a000 08:01 283111                     /usr/lib/jvm/java-8-oracle/jre/lib/amd64/libzip.so
7f1fc0bfd000-7f1fc0bfe000 rw-p 0001b000 08:01 283111                     /usr/lib/jvm/java-8-oracle/jre/lib/amd64/libzip.so
7f1fc0bfe000-7f1fc0c01000 r--p 00000000 08:01 1185833                    /lib/x86_64-linux-gnu/libnss_files-2.28.so
7f1fc0c01000-7f1fc0c08000 r-xp 00003000 08:01 1185833                    /lib/x86_64-linux-gnu/libnss_files-2.28.so
7f1fc0c08000-7f1fc0c0b000 r--p 0000a000 08:01 1185833                    /lib/x86_64-linux-gnu/libnss_files-2.28.so
7f1fc0c0b000-7f1fc0c0c000 r--p 0000c000 08:01 1185833                    /lib/x86_64-linux-gnu/libnss_files-2.28.so
7f1fc0c0c000-7f1fc0c0d000 rw-p 0000d000 08:01 1185833                    /lib/x86_64-linux-gnu/libnss_files-2.28.so
7f1fc0c0d000-7f1fc0c13000 rw-p 00000000 00:00 0 
7f1fc0c26000-7f1fc0c52000 r-xp 00000000 08:01 283105                     /usr/lib/jvm/java-8-oracle/jre/lib/amd64/libjava.so
7f1fc0c52000-7f1fc0e52000 ---p 0002c000 08:01 283105                     /usr/lib/jvm/java-8-oracle/jre/lib/amd64/libjava.so
7f1fc0e52000-7f1fc0e53000 r--p 0002c000 08:01 283105                     /usr/lib/jvm/java-8-oracle/jre/lib/amd64/libjava.so
7f1fc0e53000-7f1fc0e55000 rw-p 0002d000 08:01 283105                     /usr/lib/jvm/java-8-oracle/jre/lib/amd64/libjava.so
7f1fc0e55000-7f1fc0e62000 r-xp 00000000 08:01 283110                     /usr/lib/jvm/java-8-oracle/jre/lib/amd64/libverify.so
7f1fc0e62000-7f1fc1061000 ---p 0000d000 08:01 283110                     /usr/lib/jvm/java-8-oracle/jre/lib/amd64/libverify.so
7f1fc1061000-7f1fc1063000 r--p 0000c000 08:01 283110                     /usr/lib/jvm/java-8-oracle/jre/lib/amd64/libverify.so
7f1fc1063000-7f1fc1064000 rw-p 0000e000 08:01 283110                     /usr/lib/jvm/java-8-oracle/jre/lib/amd64/libverify.so
7f1fc1064000-7f1fc1066000 r--p 00000000 08:01 1185883                    /lib/x86_64-linux-gnu/librt-2.28.so
7f1fc1066000-7f1fc106a000 r-xp 00002000 08:01 1185883                    /lib/x86_64-linux-gnu/librt-2.28.so
7f1fc106a000-7f1fc106c000 r--p 00006000 08:01 1185883                    /lib/x86_64-linux-gnu/librt-2.28.so
7f1fc106c000-7f1fc106d000 r--p 00007000 08:01 1185883                    /lib/x86_64-linux-gnu/librt-2.28.so
7f1fc106d000-7f1fc106e000 rw-p 00008000 08:01 1185883                    /lib/x86_64-linux-gnu/librt-2.28.so
7f1fc106e000-7f1fc106f000 ---p 00000000 00:00 0 
7f1fc106f000-7f1fc1072000 ---p 00000000 00:00 0 
7f1fc1072000-7f1fc116f000 rw-p 00000000 00:00 0 
7f1fc116f000-7f1fc117c000 r--p 00000000 08:01 1185806                    /lib/x86_64-linux-gnu/libm-2.28.so
7f1fc117c000-7f1fc1227000 r-xp 0000d000 08:01 1185806                    /lib/x86_64-linux-gnu/libm-2.28.so
7f1fc1227000-7f1fc12fa000 r--p 000b8000 08:01 1185806                    /lib/x86_64-linux-gnu/libm-2.28.so
7f1fc12fa000-7f1fc12fb000 r--p 0018a000 08:01 1185806                    /lib/x86_64-linux-gnu/libm-2.28.so
7f1fc12fb000-7f1fc12fc000 rw-p 0018b000 08:01 1185806                    /lib/x86_64-linux-gnu/libm-2.28.so
7f1fc12fc000-7f1fc1fe4000 r-xp 00000000 08:01 283087                     /usr/lib/jvm/java-8-oracle/jre/lib/amd64/server/libjvm.so
7f1fc1fe4000-7f1fc21e3000 ---p 00ce8000 08:01 283087                     /usr/lib/jvm/java-8-oracle/jre/lib/amd64/server/libjvm.so
7f1fc21e3000-7f1fc2279000 r--p 00ce7000 08:01 283087                     /usr/lib/jvm/java-8-oracle/jre/lib/amd64/server/libjvm.so
7f1fc2279000-7f1fc22aa000 rw-p 00d7d000 08:01 283087                     /usr/lib/jvm/java-8-oracle/jre/lib/amd64/server/libjvm.so
7f1fc22aa000-7f1fc22e7000 rw-p 00000000 00:00 0 
7f1fc22e7000-7f1fc2309000 r--p 00000000 08:01 1185745                    /lib/x86_64-linux-gnu/libc-2.28.so
7f1fc2309000-7f1fc247a000 r-xp 00022000 08:01 1185745                    /lib/x86_64-linux-gnu/libc-2.28.so
7f1fc247a000-7f1fc24c6000 r--p 00193000 08:01 1185745                    /lib/x86_64-linux-gnu/libc-2.28.so
7f1fc24c6000-7f1fc24c7000 ---p 001df000 08:01 1185745                    /lib/x86_64-linux-gnu/libc-2.28.so
7f1fc24c7000-7f1fc24cb000 r--p 001df000 08:01 1185745                    /lib/x86_64-linux-gnu/libc-2.28.so
7f1fc24cb000-7f1fc24cd000 rw-p 001e3000 08:01 1185745                    /lib/x86_64-linux-gnu/libc-2.28.so
7f1fc24cd000-7f1fc24d1000 rw-p 00000000 00:00 0 
7f1fc24d1000-7f1fc24d2000 r--p 00000000 08:01 1185766                    /lib/x86_64-linux-gnu/libdl-2.28.so
7f1fc24d2000-7f1fc24d4000 r-xp 00001000 08:01 1185766                    /lib/x86_64-linux-gnu/libdl-2.28.so
7f1fc24d4000-7f1fc24d5000 r--p 00003000 08:01 1185766                    /lib/x86_64-linux-gnu/libdl-2.28.so
7f1fc24d5000-7f1fc24d6000 r--p 00003000 08:01 1185766                    /lib/x86_64-linux-gnu/libdl-2.28.so
7f1fc24d6000-7f1fc24d7000 rw-p 00004000 08:01 1185766                    /lib/x86_64-linux-gnu/libdl-2.28.so
7f1fc24d7000-7f1fc24ee000 r-xp 00000000 08:01 282759                     /usr/lib/jvm/java-8-oracle/lib/amd64/jli/libjli.so
7f1fc24ee000-7f1fc26ed000 ---p 00017000 08:01 282759                     /usr/lib/jvm/java-8-oracle/lib/amd64/jli/libjli.so
7f1fc26ed000-7f1fc26ee000 r--p 00016000 08:01 282759                     /usr/lib/jvm/java-8-oracle/lib/amd64/jli/libjli.so
7f1fc26ee000-7f1fc26ef000 rw-p 00017000 08:01 282759                     /usr/lib/jvm/java-8-oracle/lib/amd64/jli/libjli.so
7f1fc26ef000-7f1fc26f5000 r--p 00000000 08:01 1185875                    /lib/x86_64-linux-gnu/libpthread-2.28.so
7f1fc26f5000-7f1fc2704000 r-xp 00006000 08:01 1185875                    /lib/x86_64-linux-gnu/libpthread-2.28.so
7f1fc2704000-7f1fc270a000 r--p 00015000 08:01 1185875                    /lib/x86_64-linux-gnu/libpthread-2.28.so
7f1fc270a000-7f1fc270b000 r--p 0001a000 08:01 1185875                    /lib/x86_64-linux-gnu/libpthread-2.28.so
7f1fc270b000-7f1fc270c000 rw-p 0001b000 08:01 1185875                    /lib/x86_64-linux-gnu/libpthread-2.28.so
7f1fc270c000-7f1fc2712000 rw-p 00000000 00:00 0 
7f1fc271b000-7f1fc2723000 rw-s 00000000 08:01 1185612                    /tmp/hsperfdata_szymon/5801
7f1fc2723000-7f1fc2724000 rw-p 00000000 00:00 0 
7f1fc2724000-7f1fc2725000 ---p 00000000 00:00 0 
7f1fc2725000-7f1fc2726000 r--p 00000000 08:01 1185719                    /lib/x86_64-linux-gnu/ld-2.28.so
7f1fc2726000-7f1fc2746000 r-xp 00001000 08:01 1185719                    /lib/x86_64-linux-gnu/ld-2.28.so
7f1fc2746000-7f1fc274e000 r--p 00021000 08:01 1185719                    /lib/x86_64-linux-gnu/ld-2.28.so
7f1fc274e000-7f1fc274f000 r--p 00028000 08:01 1185719                    /lib/x86_64-linux-gnu/ld-2.28.so
7f1fc274f000-7f1fc2750000 rw-p 00029000 08:01 1185719                    /lib/x86_64-linux-gnu/ld-2.28.so
7f1fc2750000-7f1fc2751000 rw-p 00000000 00:00 0 
7ffc43c00000-7ffc43c21000 rw-p 00000000 00:00 0                          [stack]
7ffc43d8d000-7ffc43d90000 r--p 00000000 00:00 0                          [vvar]
7ffc43d90000-7ffc43d92000 r-xp 00000000 00:00 0                          [vdso]
ffffffffff600000-ffffffffff601000 r-xp 00000000 00:00 0                  [vsyscall]

VM Arguments:
jvm_args: -Dfile.encoding=UTF-8 
java_command: GameScreen
java_class_path (initial): /home/szymon/Documents/2019-Java-Group39/CompSys302_G39/bin
Launcher Type: SUN_STANDARD

Environment Variables:
JAVA_HOME=/usr/lib/jvm/java-8-oracle
PATH=/usr/local/sbin:/usr/local/bin:/usr/sbin:/usr/bin:/sbin:/bin:/usr/games:/usr/local/games:/snap/bin:/usr/lib/jvm/java-8-oracle/bin:/usr/lib/jvm/java-8-oracle/db/bin:/usr/lib/jvm/java-8-oracle/jre/bin
USERNAME=szymon
SHELL=/bin/bash
DISPLAY=:0

Signal Handlers:
SIGSEGV: [libjvm.so+0xad3e60], sa_mask[0]=11111111011111111101111111111110, sa_flags=SA_RESTART|SA_SIGINFO
SIGBUS: [libjvm.so+0xad3e60], sa_mask[0]=11111111011111111101111111111110, sa_flags=SA_RESTART|SA_SIGINFO
SIGFPE: [libjvm.so+0x90b880], sa_mask[0]=11111111011111111101111111111110, sa_flags=SA_RESTART|SA_SIGINFO
SIGPIPE: [libjvm.so+0x90b880], sa_mask[0]=11111111011111111101111111111110, sa_flags=SA_RESTART|SA_SIGINFO
SIGXFSZ: [libjvm.so+0x90b880], sa_mask[0]=11111111011111111101111111111110, sa_flags=SA_RESTART|SA_SIGINFO
SIGILL: [libjvm.so+0x90b880], sa_mask[0]=11111111011111111101111111111110, sa_flags=SA_RESTART|SA_SIGINFO
SIGUSR1: SIG_DFL, sa_mask[0]=00000000000000000000000000000000, sa_flags=none
SIGUSR2: [libjvm.so+0x90b750], sa_mask[0]=00100000000000000000000000000000, sa_flags=SA_RESTART|SA_SIGINFO
SIGHUP: [libjvm.so+0x90bd70], sa_mask[0]=11111111011111111101111111111110, sa_flags=SA_RESTART|SA_SIGINFO
SIGINT: [libjvm.so+0x90bd70], sa_mask[0]=11111111011111111101111111111110, sa_flags=SA_RESTART|SA_SIGINFO
SIGTERM: [libjvm.so+0x90bd70], sa_mask[0]=11111111011111111101111111111110, sa_flags=SA_RESTART|SA_SIGINFO
SIGQUIT: [libjvm.so+0x90bd70], sa_mask[0]=11111111011111111101111111111110, sa_flags=SA_RESTART|SA_SIGINFO


---------------  S Y S T E M  ---------------

OS:DISTRIB_ID=Ubuntu
DISTRIB_RELEASE=18.10
DISTRIB_CODENAME=cosmic
DISTRIB_DESCRIPTION="Ubuntu 18.10"

uname:Linux 4.18.0-17-generic #18-Ubuntu SMP Wed Mar 13 14:34:40 UTC 2019 x86_64
libc:glibc 2.28 NPTL 2.28 
rlimit: STACK 8192k, CORE 0k, NPROC 25589, NOFILE 4096, AS infinity
load average:4.59 4.47 3.09

/proc/meminfo:
MemTotal:        6595972 kB
MemFree:          117500 kB
MemAvailable:      34476 kB
Buffers:             712 kB
Cached:            35420 kB
SwapCached:         9176 kB
Active:          4321820 kB
Inactive:         791812 kB
Active(anon):    4307624 kB
Inactive(anon):   776368 kB
Active(file):      14196 kB
Inactive(file):    15444 kB
Unevictable:          48 kB
Mlocked:              48 kB
SwapTotal:        969960 kB
SwapFree:              4 kB
Dirty:               320 kB
Writeback:           364 kB
AnonPages:       5068496 kB
Mapped:            33172 kB
Shmem:              6336 kB
Slab:             198724 kB
SReclaimable:      65948 kB
SUnreclaim:       132776 kB
KernelStack:       16640 kB
PageTables:        34136 kB
NFS_Unstable:          0 kB
Bounce:                0 kB
WritebackTmp:          0 kB
CommitLimit:     4267944 kB
Committed_AS:   11006912 kB
VmallocTotal:   34359738367 kB
VmallocUsed:           0 kB
VmallocChunk:          0 kB
HardwareCorrupted:     0 kB
AnonHugePages:         0 kB
ShmemHugePages:        0 kB
ShmemPmdMapped:        0 kB
CmaTotal:              0 kB
CmaFree:               0 kB
HugePages_Total:       0
HugePages_Free:        0
HugePages_Rsvd:        0
HugePages_Surp:        0
Hugepagesize:       2048 kB
Hugetlb:               0 kB
DirectMap4k:      307008 kB
DirectMap2M:     5459968 kB
DirectMap1G:     1048576 kB

container (cgroup) information:
container_type: cgroupv1
cpu_cpuset_cpus: 0-3
cpu_memory_nodes: 0
active_processor_count: 4
cpu_quota: -1
cpu_period: 100000
cpu_shares: -1
memory_limit_in_bytes: -1
memory_and_swap_limit_in_bytes: -2
memory_soft_limit_in_bytes: -1
memory_usage_in_bytes: 5124030464
memory_max_usage_in_bytes: 5145067520


CPU:total 4 (initial active 4) (1 cores per cpu, 1 threads per core) family 6 model 69 stepping 1, cmov, cx8, fxsr, mmx, sse, sse2, sse3, ssse3, sse4.1, sse4.2, popcnt, avx, avx2, aes, clmul, erms, lzcnt, tsc, tscinvbit, bmi1, bmi2

/proc/cpuinfo:
processor	: 0
vendor_id	: GenuineIntel
cpu family	: 6
model		: 69
model name	: Intel(R) Core(TM) i7-4510U CPU @ 2.00GHz
stepping	: 1
microcode	: 0x20
cpu MHz		: 2601.000
cache size	: 4096 KB
physical id	: 0
siblings	: 1
core id		: 0
cpu cores	: 1
apicid		: 0
initial apicid	: 0
fpu		: yes
fpu_exception	: yes
cpuid level	: 13
wp		: yes
flags		: fpu vme de pse tsc msr pae mce cx8 apic sep mtrr pge mca cmov pat pse36 clflush mmx fxsr sse sse2 ss syscall nx pdpe1gb rdtscp lm constant_tsc arch_perfmon nopl xtopology tsc_reliable nonstop_tsc cpuid pni pclmulqdq ssse3 fma cx16 pcid sse4_1 sse4_2 x2apic movbe popcnt tsc_deadline_timer aes xsave avx f16c rdrand hypervisor lahf_lm abm cpuid_fault invpcid_single pti fsgsbase tsc_adjust bmi1 avx2 smep bmi2 invpcid xsaveopt arat
bugs		: cpu_meltdown spectre_v1 spectre_v2 spec_store_bypass l1tf
bogomips	: 5202.00
clflush size	: 64
cache_alignment	: 64
address sizes	: 43 bits physical, 48 bits virtual
power management:

processor	: 1
vendor_id	: GenuineIntel
cpu family	: 6
model		: 69
model name	: Intel(R) Core(TM) i7-4510U CPU @ 2.00GHz
stepping	: 1
microcode	: 0x20
cpu MHz		: 2601.000
cache size	: 4096 KB
physical id	: 2
siblings	: 1
core id		: 0
cpu cores	: 1
apicid		: 2
initial apicid	: 2
fpu		: yes
fpu_exception	: yes
cpuid level	: 13
wp		: yes
flags		: fpu vme de pse tsc msr pae mce cx8 apic sep mtrr pge mca cmov pat pse36 clflush mmx fxsr sse sse2 ss syscall nx pdpe1gb rdtscp lm constant_tsc arch_perfmon nopl xtopology tsc_reliable nonstop_tsc cpuid pni pclmulqdq ssse3 fma cx16 pcid sse4_1 sse4_2 x2apic movbe popcnt tsc_deadline_timer aes xsave avx f16c rdrand hypervisor lahf_lm abm cpuid_fault invpcid_single pti fsgsbase tsc_adjust bmi1 avx2 smep bmi2 invpcid xsaveopt arat
bugs		: cpu_meltdown spectre_v1 spectre_v2 spec_store_bypass l1tf
bogomips	: 5202.00
clflush size	: 64
cache_alignment	: 64
address sizes	: 43 bits physical, 48 bits virtual
power management:

processor	: 2
vendor_id	: GenuineIntel
cpu family	: 6
model		: 69
model name	: Intel(R) Core(TM) i7-4510U CPU @ 2.00GHz
stepping	: 1
microcode	: 0x20
cpu MHz		: 2601.000
cache size	: 4096 KB
physical id	: 4
siblings	: 1
core id		: 0
cpu cores	: 1
apicid		: 4
initial apicid	: 4
fpu		: yes
fpu_exception	: yes
cpuid level	: 13
wp		: yes
flags		: fpu vme de pse tsc msr pae mce cx8 apic sep mtrr pge mca cmov pat pse36 clflush mmx fxsr sse sse2 ss syscall nx pdpe1gb rdtscp lm constant_tsc arch_perfmon nopl xtopology tsc_reliable nonstop_tsc cpuid pni pclmulqdq ssse3 fma cx16 pcid sse4_1 sse4_2 x2apic movbe popcnt tsc_deadline_timer aes xsave avx f16c rdrand hypervisor lahf_lm abm cpuid_fault invpcid_single pti fsgsbase tsc_adjust bmi1 avx2 smep bmi2 invpcid xsaveopt arat
bugs		: cpu_meltdown spectre_v1 spectre_v2 spec_store_bypass l1tf
bogomips	: 5202.00
clflush size	: 64
cache_alignment	: 64
address sizes	: 43 bits physical, 48 bits virtual
power management:

processor	: 3
vendor_id	: GenuineIntel
cpu family	: 6
model		: 69
model name	: Intel(R) Core(TM) i7-4510U CPU @ 2.00GHz
stepping	: 1
microcode	: 0x20
cpu MHz		: 2601.000
cache size	: 4096 KB
physical id	: 6
siblings	: 1
core id		: 0
cpu cores	: 1
apicid		: 6
initial apicid	: 6
fpu		: yes
fpu_exception	: yes
cpuid level	: 13
wp		: yes
flags		: fpu vme de pse tsc msr pae mce cx8 apic sep mtrr pge mca cmov pat pse36 clflush mmx fxsr sse sse2 ss syscall nx pdpe1gb rdtscp lm constant_tsc arch_perfmon nopl xtopology tsc_reliable nonstop_tsc cpuid pni pclmulqdq ssse3 fma cx16 pcid sse4_1 sse4_2 x2apic movbe popcnt tsc_deadline_timer aes xsave avx f16c rdrand hypervisor lahf_lm abm cpuid_fault invpcid_single pti fsgsbase tsc_adjust bmi1 avx2 smep bmi2 invpcid xsaveopt arat
bugs		: cpu_meltdown spectre_v1 spectre_v2 spec_store_bypass l1tf
bogomips	: 5202.00
clflush size	: 64
cache_alignment	: 64
address sizes	: 43 bits physical, 48 bits virtual
power management:



Memory: 4k page, physical 6595972k(116176k free), swap 969960k(16k free)

vm_info: Java HotSpot(TM) 64-Bit Server VM (25.201-b09) for linux-amd64 JRE (1.8.0_201-b09), built on Dec 15 2018 11:35:59 by "java_re" with gcc 7.3.0

time: Thu Apr 18 16:51:07 2019
timezone: PDT
elapsed time: 18 seconds (0d 0h 0m 18s)

